[debug] [2024-01-03T21:44:11.960Z] ----------------------------------------------------------------------
[debug] [2024-01-03T21:44:11.962Z] Command:       D:\Program Files\nodejs\node.exe C:\Users\fabio\AppData\Roaming\npm\node_modules\firebase-tools\lib\bin\firebase.js deploy
[debug] [2024-01-03T21:44:11.963Z] CLI Version:   12.8.0
[debug] [2024-01-03T21:44:11.963Z] Platform:      win32
[debug] [2024-01-03T21:44:11.963Z] Node Version:  v20.2.0
[debug] [2024-01-03T21:44:11.963Z] Time:          Wed Jan 03 2024 15:44:11 GMT-0600 (Central Standard Time)
[debug] [2024-01-03T21:44:11.963Z] ----------------------------------------------------------------------
[debug] 
[debug] [2024-01-03T21:44:12.032Z] > command requires scopes: ["email","openid","https://www.googleapis.com/auth/cloudplatformprojects.readonly","https://www.googleapis.com/auth/firebase","https://www.googleapis.com/auth/cloud-platform"]
[debug] [2024-01-03T21:44:12.032Z] > authorizing via signed-in user (alonsdale@bernoullitechnologies.net)
[debug] [2024-01-03T21:44:12.032Z] [iam] checking project leaddrive-pro for permissions ["cloudfunctions.functions.create","cloudfunctions.functions.delete","cloudfunctions.functions.get","cloudfunctions.functions.list","cloudfunctions.functions.update","cloudfunctions.operations.get","firebase.projects.get"]
[debug] [2024-01-03T21:44:12.034Z] > refreshing access token with scopes: []
[debug] [2024-01-03T21:44:12.035Z] >>> [apiv2][query] POST https://www.googleapis.com/oauth2/v3/token [none]
[debug] [2024-01-03T21:44:12.035Z] >>> [apiv2][body] POST https://www.googleapis.com/oauth2/v3/token [omitted]
[debug] [2024-01-03T21:44:12.191Z] <<< [apiv2][status] POST https://www.googleapis.com/oauth2/v3/token 400
[debug] [2024-01-03T21:44:12.192Z] <<< [apiv2][body] POST https://www.googleapis.com/oauth2/v3/token [omitted]
[debug] [2024-01-03T21:44:12.192Z] >>> [apiv2][query] POST https://cloudresourcemanager.googleapis.com/v1/projects/leaddrive-pro:testIamPermissions [none]
[debug] [2024-01-03T21:44:12.192Z] >>> [apiv2][(partial)header] POST https://cloudresourcemanager.googleapis.com/v1/projects/leaddrive-pro:testIamPermissions x-goog-quota-user=projects/leaddrive-pro
[debug] [2024-01-03T21:44:12.192Z] >>> [apiv2][body] POST https://cloudresourcemanager.googleapis.com/v1/projects/leaddrive-pro:testIamPermissions {"permissions":["cloudfunctions.functions.create","cloudfunctions.functions.delete","cloudfunctions.functions.get","cloudfunctions.functions.list","cloudfunctions.functions.update","cloudfunctions.operations.get","firebase.projects.get"]}
[debug] [2024-01-03T21:44:12.305Z] <<< [apiv2][status] POST https://cloudresourcemanager.googleapis.com/v1/projects/leaddrive-pro:testIamPermissions 401
[debug] [2024-01-03T21:44:12.305Z] <<< [apiv2][body] POST https://cloudresourcemanager.googleapis.com/v1/projects/leaddrive-pro:testIamPermissions {"error":{"code":401,"message":"Request had invalid authentication credentials. Expected OAuth 2 access token, login cookie or other valid authentication credential. See https://developers.google.com/identity/sign-in/web/devconsole-project.","status":"UNAUTHENTICATED","details":[{"@type":"type.googleapis.com/google.rpc.ErrorInfo","reason":"ACCESS_TOKEN_TYPE_UNSUPPORTED","metadata":{"service":"cloudresourcemanager.googleapis.com","method":"google.cloudresourcemanager.v1.Projects.TestIamPermissions"}}]}}
[debug] [2024-01-03T21:44:12.305Z] [iam] error while checking permissions, command may fail: FirebaseError: HTTP Error: 401, Request had invalid authentication credentials. Expected OAuth 2 access token, login cookie or other valid authentication credential. See https://developers.google.com/identity/sign-in/web/devconsole-project.
[debug] [2024-01-03T21:44:12.305Z] > refreshing access token with scopes: []
[debug] [2024-01-03T21:44:12.306Z] >>> [apiv2][query] POST https://www.googleapis.com/oauth2/v3/token [none]
[debug] [2024-01-03T21:44:12.306Z] >>> [apiv2][body] POST https://www.googleapis.com/oauth2/v3/token [omitted]
[debug] [2024-01-03T21:44:12.408Z] <<< [apiv2][status] POST https://www.googleapis.com/oauth2/v3/token 400
[debug] [2024-01-03T21:44:12.409Z] <<< [apiv2][body] POST https://www.googleapis.com/oauth2/v3/token [omitted]
[debug] [2024-01-03T21:44:12.409Z] >>> [apiv2][query] POST https://iam.googleapis.com/v1/projects/leaddrive-pro/serviceAccounts/leaddrive-pro@appspot.gserviceaccount.com:testIamPermissions [none]
[debug] [2024-01-03T21:44:12.409Z] >>> [apiv2][body] POST https://iam.googleapis.com/v1/projects/leaddrive-pro/serviceAccounts/leaddrive-pro@appspot.gserviceaccount.com:testIamPermissions {"permissions":["iam.serviceAccounts.actAs"]}
[debug] [2024-01-03T21:44:12.532Z] <<< [apiv2][status] POST https://iam.googleapis.com/v1/projects/leaddrive-pro/serviceAccounts/leaddrive-pro@appspot.gserviceaccount.com:testIamPermissions 401
[debug] [2024-01-03T21:44:12.533Z] <<< [apiv2][body] POST https://iam.googleapis.com/v1/projects/leaddrive-pro/serviceAccounts/leaddrive-pro@appspot.gserviceaccount.com:testIamPermissions {"error":{"code":401,"message":"Request had invalid authentication credentials. Expected OAuth 2 access token, login cookie or other valid authentication credential. See https://developers.google.com/identity/sign-in/web/devconsole-project.","status":"UNAUTHENTICATED","details":[{"@type":"type.googleapis.com/google.rpc.ErrorInfo","reason":"ACCESS_TOKEN_TYPE_UNSUPPORTED","metadata":{"method":"google.iam.admin.v1.IAM.TestIamPermissions","service":"iam.googleapis.com"}}]}}
[debug] [2024-01-03T21:44:12.533Z] [functions] service account IAM check errored, deploy may fail: HTTP Error: 401, Request had invalid authentication credentials. Expected OAuth 2 access token, login cookie or other valid authentication credential. See https://developers.google.com/identity/sign-in/web/devconsole-project. {"name":"FirebaseError","children":[],"context":{"body":{"error":{"code":401,"message":"Request had invalid authentication credentials. Expected OAuth 2 access token, login cookie or other valid authentication credential. See https://developers.google.com/identity/sign-in/web/devconsole-project.","status":"UNAUTHENTICATED","details":[{"@type":"type.googleapis.com/google.rpc.ErrorInfo","reason":"ACCESS_TOKEN_TYPE_UNSUPPORTED","metadata":{"method":"google.iam.admin.v1.IAM.TestIamPermissions","service":"iam.googleapis.com"}}]}},"response":{"statusCode":401}},"exit":1,"message":"HTTP Error: 401, Request had invalid authentication credentials. Expected OAuth 2 access token, login cookie or other valid authentication credential. See https://developers.google.com/identity/sign-in/web/devconsole-project.","status":401}
[info] 
[info] === Deploying to 'leaddrive-pro'...
[info] 
[info] i  deploying functions 
[info] Running command: npm --prefix "$RESOURCE_DIR" run lint
[info] +  functions: Finished running predeploy script. 
[debug] [2024-01-03T21:44:15.543Z] > refreshing access token with scopes: []
[debug] [2024-01-03T21:44:15.544Z] >>> [apiv2][query] POST https://www.googleapis.com/oauth2/v3/token [none]
[debug] [2024-01-03T21:44:15.544Z] >>> [apiv2][body] POST https://www.googleapis.com/oauth2/v3/token [omitted]
[debug] [2024-01-03T21:44:15.607Z] <<< [apiv2][status] POST https://www.googleapis.com/oauth2/v3/token 400
[debug] [2024-01-03T21:44:15.607Z] <<< [apiv2][body] POST https://www.googleapis.com/oauth2/v3/token [omitted]
[debug] [2024-01-03T21:44:15.608Z] >>> [apiv2][query] GET https://firebase.googleapis.com/v1beta1/projects/leaddrive-pro [none]
[debug] [2024-01-03T21:44:15.701Z] <<< [apiv2][status] GET https://firebase.googleapis.com/v1beta1/projects/leaddrive-pro 401
[debug] [2024-01-03T21:44:15.701Z] <<< [apiv2][body] GET https://firebase.googleapis.com/v1beta1/projects/leaddrive-pro {"error":{"code":401,"message":"Request had invalid authentication credentials. Expected OAuth 2 access token, login cookie or other valid authentication credential. See https://developers.google.com/identity/sign-in/web/devconsole-project.","status":"UNAUTHENTICATED"}}
[debug] [2024-01-03T21:44:15.701Z] HTTP Error: 401, Request had invalid authentication credentials. Expected OAuth 2 access token, login cookie or other valid authentication credential. See https://developers.google.com/identity/sign-in/web/devconsole-project.
[debug] [2024-01-03T21:44:15.790Z] FirebaseError: HTTP Error: 401, Request had invalid authentication credentials. Expected OAuth 2 access token, login cookie or other valid authentication credential. See https://developers.google.com/identity/sign-in/web/devconsole-project.
    at responseToError (C:\Users\fabio\AppData\Roaming\npm\node_modules\firebase-tools\lib\responseToError.js:49:12)
    at RetryOperation._fn (C:\Users\fabio\AppData\Roaming\npm\node_modules\firebase-tools\lib\apiv2.js:285:77)
    at process.processTicksAndRejections (node:internal/process/task_queues:95:5)
[error] 
[error] Error: Failed to get Firebase project leaddrive-pro. Please make sure the project exists and your account has permission to access it.
