[debug] [2024-01-03T23:24:13.025Z] ----------------------------------------------------------------------
[debug] [2024-01-03T23:24:13.027Z] Command:       D:\Program Files\nodejs\node.exe C:\Users\fabio\AppData\Roaming\npm\node_modules\firebase-tools\lib\bin\firebase.js deploy
[debug] [2024-01-03T23:24:13.027Z] CLI Version:   12.8.0
[debug] [2024-01-03T23:24:13.028Z] Platform:      win32
[debug] [2024-01-03T23:24:13.028Z] Node Version:  v20.2.0
[debug] [2024-01-03T23:24:13.028Z] Time:          Wed Jan 03 2024 17:24:13 GMT-0600 (Central Standard Time)
[debug] [2024-01-03T23:24:13.028Z] ----------------------------------------------------------------------
[debug] 
[debug] [2024-01-03T23:24:13.123Z] > command requires scopes: ["email","openid","https://www.googleapis.com/auth/cloudplatformprojects.readonly","https://www.googleapis.com/auth/firebase","https://www.googleapis.com/auth/cloud-platform"]
[debug] [2024-01-03T23:24:13.124Z] > authorizing via signed-in user (alonsdale@bernoullitechnologies.net)
[debug] [2024-01-03T23:24:13.124Z] [iam] checking project leaddrive-pro for permissions ["cloudfunctions.functions.create","cloudfunctions.functions.delete","cloudfunctions.functions.get","cloudfunctions.functions.list","cloudfunctions.functions.update","cloudfunctions.operations.get","firebase.projects.get"]
[debug] [2024-01-03T23:24:13.125Z] > refreshing access token with scopes: []
[debug] [2024-01-03T23:24:13.127Z] >>> [apiv2][query] POST https://www.googleapis.com/oauth2/v3/token [none]
[debug] [2024-01-03T23:24:13.127Z] >>> [apiv2][body] POST https://www.googleapis.com/oauth2/v3/token [omitted]
[debug] [2024-01-03T23:24:13.365Z] <<< [apiv2][status] POST https://www.googleapis.com/oauth2/v3/token 200
[debug] [2024-01-03T23:24:13.365Z] <<< [apiv2][body] POST https://www.googleapis.com/oauth2/v3/token [omitted]
[debug] [2024-01-03T23:24:13.383Z] >>> [apiv2][query] POST https://cloudresourcemanager.googleapis.com/v1/projects/leaddrive-pro:testIamPermissions [none]
[debug] [2024-01-03T23:24:13.383Z] >>> [apiv2][(partial)header] POST https://cloudresourcemanager.googleapis.com/v1/projects/leaddrive-pro:testIamPermissions x-goog-quota-user=projects/leaddrive-pro
[debug] [2024-01-03T23:24:13.383Z] >>> [apiv2][body] POST https://cloudresourcemanager.googleapis.com/v1/projects/leaddrive-pro:testIamPermissions {"permissions":["cloudfunctions.functions.create","cloudfunctions.functions.delete","cloudfunctions.functions.get","cloudfunctions.functions.list","cloudfunctions.functions.update","cloudfunctions.operations.get","firebase.projects.get"]}
[debug] [2024-01-03T23:24:13.552Z] <<< [apiv2][status] POST https://cloudresourcemanager.googleapis.com/v1/projects/leaddrive-pro:testIamPermissions 200
[debug] [2024-01-03T23:24:13.552Z] <<< [apiv2][body] POST https://cloudresourcemanager.googleapis.com/v1/projects/leaddrive-pro:testIamPermissions {"permissions":["cloudfunctions.functions.create","cloudfunctions.functions.delete","cloudfunctions.functions.get","cloudfunctions.functions.list","cloudfunctions.functions.update","cloudfunctions.operations.get","firebase.projects.get"]}
[debug] [2024-01-03T23:24:13.553Z] >>> [apiv2][query] POST https://iam.googleapis.com/v1/projects/leaddrive-pro/serviceAccounts/leaddrive-pro@appspot.gserviceaccount.com:testIamPermissions [none]
[debug] [2024-01-03T23:24:13.553Z] >>> [apiv2][body] POST https://iam.googleapis.com/v1/projects/leaddrive-pro/serviceAccounts/leaddrive-pro@appspot.gserviceaccount.com:testIamPermissions {"permissions":["iam.serviceAccounts.actAs"]}
[debug] [2024-01-03T23:24:13.785Z] <<< [apiv2][status] POST https://iam.googleapis.com/v1/projects/leaddrive-pro/serviceAccounts/leaddrive-pro@appspot.gserviceaccount.com:testIamPermissions 200
[debug] [2024-01-03T23:24:13.785Z] <<< [apiv2][body] POST https://iam.googleapis.com/v1/projects/leaddrive-pro/serviceAccounts/leaddrive-pro@appspot.gserviceaccount.com:testIamPermissions {"permissions":["iam.serviceAccounts.actAs"]}
[info] 
[info] === Deploying to 'leaddrive-pro'...
[info] 
[info] i  deploying functions 
[info] Running command: npm --prefix "$RESOURCE_DIR" run lint
[info] +  functions: Finished running predeploy script. 
[debug] [2024-01-03T23:24:24.528Z] >>> [apiv2][query] GET https://firebase.googleapis.com/v1beta1/projects/leaddrive-pro [none]
[debug] [2024-01-03T23:24:24.772Z] <<< [apiv2][status] GET https://firebase.googleapis.com/v1beta1/projects/leaddrive-pro 200
[debug] [2024-01-03T23:24:24.773Z] <<< [apiv2][body] GET https://firebase.googleapis.com/v1beta1/projects/leaddrive-pro {"projectId":"leaddrive-pro","projectNumber":"915335085286","displayName":"LeadDrive Pro","name":"projects/leaddrive-pro","resources":{"hostingSite":"leaddrive-pro","realtimeDatabaseInstance":"leaddrive-pro-default-rtdb"},"state":"ACTIVE","etag":"1_e7394d1a-449e-430e-a65a-d704e35639aa"}
[info] i  functions: preparing codebase default for deployment 
[info] i  functions: ensuring required API cloudfunctions.googleapis.com is enabled... 
[info] i  functions: ensuring required API cloudbuild.googleapis.com is enabled... 
[info] i  artifactregistry: ensuring required API artifactregistry.googleapis.com is enabled... 
[debug] [2024-01-03T23:24:24.775Z] >>> [apiv2][query] GET https://serviceusage.googleapis.com/v1/projects/leaddrive-pro/services/cloudfunctions.googleapis.com [none]
[debug] [2024-01-03T23:24:24.775Z] >>> [apiv2][(partial)header] GET https://serviceusage.googleapis.com/v1/projects/leaddrive-pro/services/cloudfunctions.googleapis.com x-goog-quota-user=projects/leaddrive-pro
[debug] [2024-01-03T23:24:24.776Z] >>> [apiv2][query] GET https://serviceusage.googleapis.com/v1/projects/leaddrive-pro/services/runtimeconfig.googleapis.com [none]
[debug] [2024-01-03T23:24:24.776Z] >>> [apiv2][(partial)header] GET https://serviceusage.googleapis.com/v1/projects/leaddrive-pro/services/runtimeconfig.googleapis.com x-goog-quota-user=projects/leaddrive-pro
[debug] [2024-01-03T23:24:24.777Z] >>> [apiv2][query] GET https://serviceusage.googleapis.com/v1/projects/leaddrive-pro/services/cloudbuild.googleapis.com [none]
[debug] [2024-01-03T23:24:24.777Z] >>> [apiv2][(partial)header] GET https://serviceusage.googleapis.com/v1/projects/leaddrive-pro/services/cloudbuild.googleapis.com x-goog-quota-user=projects/leaddrive-pro
[debug] [2024-01-03T23:24:24.778Z] >>> [apiv2][query] GET https://serviceusage.googleapis.com/v1/projects/leaddrive-pro/services/artifactregistry.googleapis.com [none]
[debug] [2024-01-03T23:24:24.778Z] >>> [apiv2][(partial)header] GET https://serviceusage.googleapis.com/v1/projects/leaddrive-pro/services/artifactregistry.googleapis.com x-goog-quota-user=projects/leaddrive-pro
[debug] [2024-01-03T23:24:25.142Z] <<< [apiv2][status] GET https://serviceusage.googleapis.com/v1/projects/leaddrive-pro/services/runtimeconfig.googleapis.com 200
[debug] [2024-01-03T23:24:25.142Z] <<< [apiv2][body] GET https://serviceusage.googleapis.com/v1/projects/leaddrive-pro/services/runtimeconfig.googleapis.com [omitted]
[debug] [2024-01-03T23:24:25.155Z] <<< [apiv2][status] GET https://serviceusage.googleapis.com/v1/projects/leaddrive-pro/services/artifactregistry.googleapis.com 200
[debug] [2024-01-03T23:24:25.155Z] <<< [apiv2][body] GET https://serviceusage.googleapis.com/v1/projects/leaddrive-pro/services/artifactregistry.googleapis.com [omitted]
[info] +  artifactregistry: required API artifactregistry.googleapis.com is enabled 
[debug] [2024-01-03T23:24:25.166Z] <<< [apiv2][status] GET https://serviceusage.googleapis.com/v1/projects/leaddrive-pro/services/cloudbuild.googleapis.com 200
[debug] [2024-01-03T23:24:25.166Z] <<< [apiv2][body] GET https://serviceusage.googleapis.com/v1/projects/leaddrive-pro/services/cloudbuild.googleapis.com [omitted]
[info] +  functions: required API cloudbuild.googleapis.com is enabled 
[debug] [2024-01-03T23:24:25.169Z] <<< [apiv2][status] GET https://serviceusage.googleapis.com/v1/projects/leaddrive-pro/services/cloudfunctions.googleapis.com 200
[debug] [2024-01-03T23:24:25.169Z] <<< [apiv2][body] GET https://serviceusage.googleapis.com/v1/projects/leaddrive-pro/services/cloudfunctions.googleapis.com [omitted]
[info] +  functions: required API cloudfunctions.googleapis.com is enabled 
[debug] [2024-01-03T23:24:25.169Z] >>> [apiv2][query] GET https://firebase.googleapis.com/v1beta1/projects/leaddrive-pro/adminSdkConfig [none]
[debug] [2024-01-03T23:24:25.416Z] <<< [apiv2][status] GET https://firebase.googleapis.com/v1beta1/projects/leaddrive-pro/adminSdkConfig 200
[debug] [2024-01-03T23:24:25.416Z] <<< [apiv2][body] GET https://firebase.googleapis.com/v1beta1/projects/leaddrive-pro/adminSdkConfig {"projectId":"leaddrive-pro","databaseURL":"https://leaddrive-pro-default-rtdb.firebaseio.com","storageBucket":"leaddrive-pro.appspot.com"}
[debug] [2024-01-03T23:24:25.416Z] >>> [apiv2][query] GET https://runtimeconfig.googleapis.com/v1beta1/projects/leaddrive-pro/configs [none]
[debug] [2024-01-03T23:24:25.706Z] <<< [apiv2][status] GET https://runtimeconfig.googleapis.com/v1beta1/projects/leaddrive-pro/configs 200
[debug] [2024-01-03T23:24:25.706Z] <<< [apiv2][body] GET https://runtimeconfig.googleapis.com/v1beta1/projects/leaddrive-pro/configs {}
[debug] [2024-01-03T23:24:25.707Z] Validating nodejs source
[debug] [2024-01-03T23:24:28.391Z] > [functions] package.json contents: {
  "name": "functions",
  "description": "Cloud Functions for Firebase",
  "scripts": {
    "lint": "eslint .",
    "serve": "firebase emulators:start --only functions",
    "shell": "firebase functions:shell",
    "start": "npm run shell",
    "deploy": "firebase deploy --only functions",
    "logs": "firebase functions:log"
  },
  "engines": {
    "node": "18"
  },
  "main": "index.js",
  "dependencies": {
    "firebase-admin": "^11.11.0",
    "firebase-functions": "^4.3.1"
  },
  "devDependencies": {
    "eslint": "^8.15.0",
    "eslint-config-google": "^0.14.0",
    "firebase-functions-test": "^3.1.0"
  },
  "private": true
}
[debug] [2024-01-03T23:24:28.391Z] Building nodejs source
[info] i  functions: Loading and analyzing source code for codebase default to determine what to deploy 
[debug] [2024-01-03T23:24:28.392Z] Could not find functions.yaml. Must use http discovery
[debug] [2024-01-03T23:24:28.399Z] Found firebase-functions binary at 'C:\Users\fabio\VS Code Projects\MoCampaignNet\my-app\functions\node_modules\.bin\firebase-functions'
[info] Serving at port 8766

[debug] [2024-01-03T23:24:29.410Z] Got response from /__/functions.yaml {"endpoints":{"addmessage":{"platform":"gcfv1","availableMemoryMb":null,"timeoutSeconds":null,"minInstances":null,"maxInstances":null,"ingressSettings":null,"serviceAccountEmail":null,"vpc":null,"httpsTrigger":{},"entryPoint":"addmessage"},"createSubaccount":{"platform":"gcfv1","availableMemoryMb":null,"timeoutSeconds":null,"minInstances":null,"maxInstances":null,"ingressSettings":null,"serviceAccountEmail":null,"vpc":null,"httpsTrigger":{},"entryPoint":"createSubaccount"}},"specVersion":"v1alpha1","requiredAPIs":[]}
[info] i  functions: preparing functions directory for uploading... 
[info] i  functions: packaged C:\Users\fabio\VS Code Projects\MoCampaignNet\my-app\functions (74.91 KB) for uploading 
[debug] [2024-01-03T23:24:34.466Z] >>> [apiv2][query] GET https://cloudfunctions.googleapis.com/v1/projects/leaddrive-pro/locations/-/functions [none]
[debug] [2024-01-03T23:24:35.001Z] <<< [apiv2][status] GET https://cloudfunctions.googleapis.com/v1/projects/leaddrive-pro/locations/-/functions 200
[debug] [2024-01-03T23:24:35.002Z] <<< [apiv2][body] GET https://cloudfunctions.googleapis.com/v1/projects/leaddrive-pro/locations/-/functions {"functions":[{"name":"projects/leaddrive-pro/locations/us-central1/functions/addmessage","httpsTrigger":{"url":"https://us-central1-leaddrive-pro.cloudfunctions.net/addmessage","securityLevel":"SECURE_ALWAYS"},"status":"ACTIVE","entryPoint":"addmessage","timeout":"60s","availableMemoryMb":256,"serviceAccountEmail":"leaddrive-pro@appspot.gserviceaccount.com","updateTime":"2024-01-03T22:03:20.793Z","versionId":"7","labels":{"deployment-tool":"cli-firebase","firebase-functions-hash":"def3c30e6817efdc0c669b794bf61e0ae4014712"},"sourceUploadUrl":"https://storage.googleapis.com/uploads-236363103676.us-central1.cloudfunctions.appspot.com/a4c55b79-e182-42e8-8b1b-f4372d28b4cc.zip","environmentVariables":{"FIREBASE_CONFIG":"{\"projectId\":\"leaddrive-pro\",\"databaseURL\":\"https://leaddrive-pro-default-rtdb.firebaseio.com\",\"storageBucket\":\"leaddrive-pro.appspot.com\"}","GCLOUD_PROJECT":"leaddrive-pro","FIRESTORE_PREFER_REST":"true","EVENTARC_CLOUD_EVENT_SOURCE":"projects/leaddrive-pro/locations/us-central1/functions/addmessage"},"runtime":"nodejs18","ingressSettings":"ALLOW_ALL","buildId":"b2e4700c-d085-4ae6-8e4a-037ecafb4c93","buildEnvironmentVariables":{"GOOGLE_NODE_RUN_SCRIPTS":""},"buildName":"projects/915335085286/locations/us-central1/builds/b2e4700c-d085-4ae6-8e4a-037ecafb4c93","dockerRegistry":"ARTIFACT_REGISTRY","automaticUpdatePolicy":{}},{"name":"projects/leaddrive-pro/locations/us-central1/functions/createSubaccount","httpsTrigger":{"url":"https://us-central1-leaddrive-pro.cloudfunctions.net/createSubaccount","securityLevel":"SECURE_ALWAYS"},"status":"ACTIVE","entryPoint":"createSubaccount","timeout":"60s","availableMemoryMb":256,"serviceAccountEmail":"leaddrive-pro@appspot.gserviceaccount.com","updateTime":"2024-01-03T22:03:31.118Z","versionId":"2","labels":{"deployment-tool":"cli-firebase","firebase-functions-hash":"def3c30e6817efdc0c669b794bf61e0ae4014712"},"sourceUploadUrl":"https://storage.googleapis.com/uploads-236363103676.us-central1.cloudfunctions.appspot.com/a4c55b79-e182-42e8-8b1b-f4372d28b4cc.zip","environmentVariables":{"FIREBASE_CONFIG":"{\"projectId\":\"leaddrive-pro\",\"databaseURL\":\"https://leaddrive-pro-default-rtdb.firebaseio.com\",\"storageBucket\":\"leaddrive-pro.appspot.com\"}","GCLOUD_PROJECT":"leaddrive-pro","FIRESTORE_PREFER_REST":"true","EVENTARC_CLOUD_EVENT_SOURCE":"projects/leaddrive-pro/locations/us-central1/functions/createSubaccount"},"runtime":"nodejs18","ingressSettings":"ALLOW_ALL","buildId":"b2e4700c-d085-4ae6-8e4a-037ecafb4c93","buildEnvironmentVariables":{"GOOGLE_NODE_RUN_SCRIPTS":""},"buildName":"projects/915335085286/locations/us-central1/builds/b2e4700c-d085-4ae6-8e4a-037ecafb4c93","dockerRegistry":"ARTIFACT_REGISTRY","automaticUpdatePolicy":{}}]}
[debug] [2024-01-03T23:24:35.003Z] >>> [apiv2][query] GET https://cloudfunctions.googleapis.com/v2/projects/leaddrive-pro/locations/-/functions filter=environment%3D%22GEN_2%22
[debug] [2024-01-03T23:24:35.444Z] <<< [apiv2][status] GET https://cloudfunctions.googleapis.com/v2/projects/leaddrive-pro/locations/-/functions 200
[debug] [2024-01-03T23:24:35.444Z] <<< [apiv2][body] GET https://cloudfunctions.googleapis.com/v2/projects/leaddrive-pro/locations/-/functions {}
[debug] [2024-01-03T23:24:35.447Z] >>> [apiv2][query] GET https://firebase.googleapis.com/v1beta1/projects/leaddrive-pro [none]
[debug] [2024-01-03T23:24:35.694Z] <<< [apiv2][status] GET https://firebase.googleapis.com/v1beta1/projects/leaddrive-pro 200
[debug] [2024-01-03T23:24:35.694Z] <<< [apiv2][body] GET https://firebase.googleapis.com/v1beta1/projects/leaddrive-pro {"projectId":"leaddrive-pro","projectNumber":"915335085286","displayName":"LeadDrive Pro","name":"projects/leaddrive-pro","resources":{"hostingSite":"leaddrive-pro","realtimeDatabaseInstance":"leaddrive-pro-default-rtdb"},"state":"ACTIVE","etag":"1_e7394d1a-449e-430e-a65a-d704e35639aa"}
[debug] [2024-01-03T23:24:35.695Z] >>> [apiv2][query] POST https://cloudfunctions.googleapis.com/v1/projects/leaddrive-pro/locations/us-central1/functions:generateUploadUrl [none]
[debug] [2024-01-03T23:24:35.695Z] >>> [apiv2][body] POST https://cloudfunctions.googleapis.com/v1/projects/leaddrive-pro/locations/us-central1/functions:generateUploadUrl {}
[debug] [2024-01-03T23:24:36.199Z] <<< [apiv2][status] POST https://cloudfunctions.googleapis.com/v1/projects/leaddrive-pro/locations/us-central1/functions:generateUploadUrl 200
[debug] [2024-01-03T23:24:36.199Z] <<< [apiv2][body] POST https://cloudfunctions.googleapis.com/v1/projects/leaddrive-pro/locations/us-central1/functions:generateUploadUrl {"uploadUrl":"https://storage.googleapis.com/uploads-236363103676.us-central1.cloudfunctions.appspot.com/a40508ee-8d48-4e02-90be-b3726141b4da.zip?GoogleAccessId=service-915335085286@gcf-admin-robot.iam.gserviceaccount.com&Expires=1704326076&Signature=dX3Bpzfn7SKD5KdXaCg2sHfCt0N99%2B2Np8p3Fqe8Www5YUINBVPFcR5k6Kuf%2FGp0lROihZnHmfJHfdR1uOGCSdMZh%2BvokjrOkwAIIudK4JMnIw4OZaHN6WFSJnlGEqy1pkDI9xSlGxCslfsAfjB0T7h2Hi%2FOZFUlOfVUvEK9rd3bt69qRpLlNLStqzIsKYv2x59tk%2Bbhzdm%2FfNDhs3kPyEH1Bj%2BZ0emvCGkquGMtK4DG5lOVxyYmqk1EH8okC0Jmg6mpIi0jFKrZzBXl354VMLGwyOp6ETn8vrwUc8n%2B%2BwTq%2BCPC2agvgCquLeIZ7ylzQGLxVfsulI8wEvuSJxqhEQ%3D%3D"}
[debug] [2024-01-03T23:24:36.200Z] >>> [apiv2][query] PUT https://storage.googleapis.com/uploads-236363103676.us-central1.cloudfunctions.appspot.com/a40508ee-8d48-4e02-90be-b3726141b4da.zip GoogleAccessId=service-915335085286%40gcf-admin-robot.iam.gserviceaccount.com&Expires=1704326076&Signature=dX3Bpzfn7SKD5KdXaCg2sHfCt0N99%2B2Np8p3Fqe8Www5YUINBVPFcR5k6Kuf%2FGp0lROihZnHmfJHfdR1uOGCSdMZh%2BvokjrOkwAIIudK4JMnIw4OZaHN6WFSJnlGEqy1pkDI9xSlGxCslfsAfjB0T7h2Hi%2FOZFUlOfVUvEK9rd3bt69qRpLlNLStqzIsKYv2x59tk%2Bbhzdm%2FfNDhs3kPyEH1Bj%2BZ0emvCGkquGMtK4DG5lOVxyYmqk1EH8okC0Jmg6mpIi0jFKrZzBXl354VMLGwyOp6ETn8vrwUc8n%2B%2BwTq%2BCPC2agvgCquLeIZ7ylzQGLxVfsulI8wEvuSJxqhEQ%3D%3D
[debug] [2024-01-03T23:24:36.200Z] >>> [apiv2][body] PUT https://storage.googleapis.com/uploads-236363103676.us-central1.cloudfunctions.appspot.com/a40508ee-8d48-4e02-90be-b3726141b4da.zip [stream]
[debug] [2024-01-03T23:24:36.496Z] <<< [apiv2][status] PUT https://storage.googleapis.com/uploads-236363103676.us-central1.cloudfunctions.appspot.com/a40508ee-8d48-4e02-90be-b3726141b4da.zip 200
[debug] [2024-01-03T23:24:36.496Z] <<< [apiv2][body] PUT https://storage.googleapis.com/uploads-236363103676.us-central1.cloudfunctions.appspot.com/a40508ee-8d48-4e02-90be-b3726141b4da.zip [omitted]
[info] +  functions: functions folder uploaded successfully 
[info] i  functions: updating Node.js 18 (1st Gen) function addmessage(us-central1)... 
[info] i  functions: updating Node.js 18 (1st Gen) function createSubaccount(us-central1)... 
[debug] [2024-01-03T23:24:36.501Z] >>> [apiv2][query] PATCH https://cloudfunctions.googleapis.com/v1/projects/leaddrive-pro/locations/us-central1/functions/addmessage updateMask=name%2CsourceUploadUrl%2CentryPoint%2Cruntime%2CdockerRegistry%2Clabels%2ChttpsTrigger.securityLevel%2CminInstances%2CmaxInstances%2CingressSettings%2CenvironmentVariables%2CserviceAccountEmail%2CavailableMemoryMb%2Ctimeout%2CvpcConnector%2CvpcConnectorEgressSettings%2CsourceToken%2CbuildEnvironmentVariables
[debug] [2024-01-03T23:24:36.501Z] >>> [apiv2][body] PATCH https://cloudfunctions.googleapis.com/v1/projects/leaddrive-pro/locations/us-central1/functions/addmessage {"name":"projects/leaddrive-pro/locations/us-central1/functions/addmessage","sourceUploadUrl":"https://storage.googleapis.com/uploads-236363103676.us-central1.cloudfunctions.appspot.com/a40508ee-8d48-4e02-90be-b3726141b4da.zip?GoogleAccessId=service-915335085286@gcf-admin-robot.iam.gserviceaccount.com&Expires=1704326076&Signature=dX3Bpzfn7SKD5KdXaCg2sHfCt0N99%2B2Np8p3Fqe8Www5YUINBVPFcR5k6Kuf%2FGp0lROihZnHmfJHfdR1uOGCSdMZh%2BvokjrOkwAIIudK4JMnIw4OZaHN6WFSJnlGEqy1pkDI9xSlGxCslfsAfjB0T7h2Hi%2FOZFUlOfVUvEK9rd3bt69qRpLlNLStqzIsKYv2x59tk%2Bbhzdm%2FfNDhs3kPyEH1Bj%2BZ0emvCGkquGMtK4DG5lOVxyYmqk1EH8okC0Jmg6mpIi0jFKrZzBXl354VMLGwyOp6ETn8vrwUc8n%2B%2BwTq%2BCPC2agvgCquLeIZ7ylzQGLxVfsulI8wEvuSJxqhEQ%3D%3D","entryPoint":"addmessage","runtime":"nodejs18","dockerRegistry":"ARTIFACT_REGISTRY","labels":{"deployment-tool":"cli-firebase","firebase-functions-hash":"4cf8656d39f317fcfab6ad10aeeca6010ea2c154"},"httpsTrigger":{"securityLevel":"SECURE_ALWAYS"},"minInstances":null,"maxInstances":null,"ingressSettings":null,"environmentVariables":{"FIREBASE_CONFIG":"{\"projectId\":\"leaddrive-pro\",\"databaseURL\":\"https://leaddrive-pro-default-rtdb.firebaseio.com\",\"storageBucket\":\"leaddrive-pro.appspot.com\"}","GCLOUD_PROJECT":"leaddrive-pro","FIRESTORE_PREFER_REST":"true","EVENTARC_CLOUD_EVENT_SOURCE":"projects/leaddrive-pro/locations/us-central1/functions/addmessage"},"serviceAccountEmail":null,"availableMemoryMb":null,"timeout":null,"vpcConnector":null,"vpcConnectorEgressSettings":null,"buildEnvironmentVariables":{"GOOGLE_NODE_RUN_SCRIPTS":""}}
[debug] [2024-01-03T23:24:36.958Z] <<< [apiv2][status] PATCH https://cloudfunctions.googleapis.com/v1/projects/leaddrive-pro/locations/us-central1/functions/addmessage 200
[debug] [2024-01-03T23:24:36.958Z] <<< [apiv2][body] PATCH https://cloudfunctions.googleapis.com/v1/projects/leaddrive-pro/locations/us-central1/functions/addmessage {"name":"operations/bGVhZGRyaXZlLXByby91cy1jZW50cmFsMS9hZGRtZXNzYWdlL21QVWQtRWRWYjJB","metadata":{"@type":"type.googleapis.com/google.cloud.functions.v1.OperationMetadataV1","target":"projects/leaddrive-pro/locations/us-central1/functions/addmessage","type":"UPDATE_FUNCTION","request":{"@type":"type.googleapis.com/google.cloud.functions.v1.CloudFunction","name":"projects/leaddrive-pro/locations/us-central1/functions/addmessage","httpsTrigger":{"url":"https://us-central1-leaddrive-pro.cloudfunctions.net/addmessage","securityLevel":"SECURE_ALWAYS"},"status":"ACTIVE","entryPoint":"addmessage","updateTime":"2024-01-03T22:03:20.793Z","versionId":"7","labels":{"deployment-tool":"cli-firebase","firebase-functions-hash":"4cf8656d39f317fcfab6ad10aeeca6010ea2c154"},"sourceUploadUrl":"https://storage.googleapis.com/uploads-236363103676.us-central1.cloudfunctions.appspot.com/a40508ee-8d48-4e02-90be-b3726141b4da.zip?GoogleAccessId=service-915335085286@gcf-admin-robot.iam.gserviceaccount.com&Expires=1704326076&Signature=dX3Bpzfn7SKD5KdXaCg2sHfCt0N99%2B2Np8p3Fqe8Www5YUINBVPFcR5k6Kuf%2FGp0lROihZnHmfJHfdR1uOGCSdMZh%2BvokjrOkwAIIudK4JMnIw4OZaHN6WFSJnlGEqy1pkDI9xSlGxCslfsAfjB0T7h2Hi%2FOZFUlOfVUvEK9rd3bt69qRpLlNLStqzIsKYv2x59tk%2Bbhzdm%2FfNDhs3kPyEH1Bj%2BZ0emvCGkquGMtK4DG5lOVxyYmqk1EH8okC0Jmg6mpIi0jFKrZzBXl354VMLGwyOp6ETn8vrwUc8n%2B%2BwTq%2BCPC2agvgCquLeIZ7ylzQGLxVfsulI8wEvuSJxqhEQ%3D%3D","environmentVariables":{"FIREBASE_CONFIG":"{\"projectId\":\"leaddrive-pro\",\"databaseURL\":\"https://leaddrive-pro-default-rtdb.firebaseio.com\",\"storageBucket\":\"leaddrive-pro.appspot.com\"}","GCLOUD_PROJECT":"leaddrive-pro","FIRESTORE_PREFER_REST":"true","EVENTARC_CLOUD_EVENT_SOURCE":"projects/leaddrive-pro/locations/us-central1/functions/addmessage"},"runtime":"nodejs18","buildId":"b2e4700c-d085-4ae6-8e4a-037ecafb4c93","buildEnvironmentVariables":{"GOOGLE_NODE_RUN_SCRIPTS":""},"buildName":"projects/915335085286/locations/us-central1/builds/b2e4700c-d085-4ae6-8e4a-037ecafb4c93","dockerRegistry":"ARTIFACT_REGISTRY","automaticUpdatePolicy":{}},"versionId":"8","updateTime":"2024-01-03T23:24:36Z"}}
[debug] [2024-01-03T23:24:36.959Z] >>> [apiv2][query] GET https://cloudfunctions.googleapis.com/v1/operations/bGVhZGRyaXZlLXByby91cy1jZW50cmFsMS9hZGRtZXNzYWdlL21QVWQtRWRWYjJB [none]
[debug] [2024-01-03T23:24:37.150Z] <<< [apiv2][status] GET https://cloudfunctions.googleapis.com/v1/operations/bGVhZGRyaXZlLXByby91cy1jZW50cmFsMS9hZGRtZXNzYWdlL21QVWQtRWRWYjJB 200
[debug] [2024-01-03T23:24:37.151Z] <<< [apiv2][body] GET https://cloudfunctions.googleapis.com/v1/operations/bGVhZGRyaXZlLXByby91cy1jZW50cmFsMS9hZGRtZXNzYWdlL21QVWQtRWRWYjJB {"name":"operations/bGVhZGRyaXZlLXByby91cy1jZW50cmFsMS9hZGRtZXNzYWdlL21QVWQtRWRWYjJB","metadata":{"@type":"type.googleapis.com/google.cloud.functions.v1.OperationMetadataV1","target":"projects/leaddrive-pro/locations/us-central1/functions/addmessage","type":"UPDATE_FUNCTION","request":{"@type":"type.googleapis.com/google.cloud.functions.v1.CloudFunction","name":"projects/leaddrive-pro/locations/us-central1/functions/addmessage","httpsTrigger":{"url":"https://us-central1-leaddrive-pro.cloudfunctions.net/addmessage","securityLevel":"SECURE_ALWAYS"},"status":"ACTIVE","entryPoint":"addmessage","updateTime":"2024-01-03T22:03:20.793Z","versionId":"7","labels":{"deployment-tool":"cli-firebase","firebase-functions-hash":"4cf8656d39f317fcfab6ad10aeeca6010ea2c154"},"sourceUploadUrl":"https://storage.googleapis.com/uploads-236363103676.us-central1.cloudfunctions.appspot.com/a40508ee-8d48-4e02-90be-b3726141b4da.zip?GoogleAccessId=service-915335085286@gcf-admin-robot.iam.gserviceaccount.com&Expires=1704326076&Signature=dX3Bpzfn7SKD5KdXaCg2sHfCt0N99%2B2Np8p3Fqe8Www5YUINBVPFcR5k6Kuf%2FGp0lROihZnHmfJHfdR1uOGCSdMZh%2BvokjrOkwAIIudK4JMnIw4OZaHN6WFSJnlGEqy1pkDI9xSlGxCslfsAfjB0T7h2Hi%2FOZFUlOfVUvEK9rd3bt69qRpLlNLStqzIsKYv2x59tk%2Bbhzdm%2FfNDhs3kPyEH1Bj%2BZ0emvCGkquGMtK4DG5lOVxyYmqk1EH8okC0Jmg6mpIi0jFKrZzBXl354VMLGwyOp6ETn8vrwUc8n%2B%2BwTq%2BCPC2agvgCquLeIZ7ylzQGLxVfsulI8wEvuSJxqhEQ%3D%3D","environmentVariables":{"FIREBASE_CONFIG":"{\"projectId\":\"leaddrive-pro\",\"databaseURL\":\"https://leaddrive-pro-default-rtdb.firebaseio.com\",\"storageBucket\":\"leaddrive-pro.appspot.com\"}","GCLOUD_PROJECT":"leaddrive-pro","FIRESTORE_PREFER_REST":"true","EVENTARC_CLOUD_EVENT_SOURCE":"projects/leaddrive-pro/locations/us-central1/functions/addmessage"},"runtime":"nodejs18","buildId":"b2e4700c-d085-4ae6-8e4a-037ecafb4c93","buildEnvironmentVariables":{"GOOGLE_NODE_RUN_SCRIPTS":""},"buildName":"projects/915335085286/locations/us-central1/builds/b2e4700c-d085-4ae6-8e4a-037ecafb4c93","dockerRegistry":"ARTIFACT_REGISTRY","automaticUpdatePolicy":{}},"versionId":"8","updateTime":"2024-01-03T23:24:37Z"}}
[debug] [2024-01-03T23:24:37.650Z] [update-default-us-central1-addmessage] Retrying task index 0
[debug] [2024-01-03T23:24:37.651Z] >>> [apiv2][query] GET https://cloudfunctions.googleapis.com/v1/operations/bGVhZGRyaXZlLXByby91cy1jZW50cmFsMS9hZGRtZXNzYWdlL21QVWQtRWRWYjJB [none]
[debug] [2024-01-03T23:24:37.847Z] <<< [apiv2][status] GET https://cloudfunctions.googleapis.com/v1/operations/bGVhZGRyaXZlLXByby91cy1jZW50cmFsMS9hZGRtZXNzYWdlL21QVWQtRWRWYjJB 200
[debug] [2024-01-03T23:24:37.847Z] <<< [apiv2][body] GET https://cloudfunctions.googleapis.com/v1/operations/bGVhZGRyaXZlLXByby91cy1jZW50cmFsMS9hZGRtZXNzYWdlL21QVWQtRWRWYjJB {"name":"operations/bGVhZGRyaXZlLXByby91cy1jZW50cmFsMS9hZGRtZXNzYWdlL21QVWQtRWRWYjJB","metadata":{"@type":"type.googleapis.com/google.cloud.functions.v1.OperationMetadataV1","target":"projects/leaddrive-pro/locations/us-central1/functions/addmessage","type":"UPDATE_FUNCTION","request":{"@type":"type.googleapis.com/google.cloud.functions.v1.CloudFunction","name":"projects/leaddrive-pro/locations/us-central1/functions/addmessage","httpsTrigger":{"url":"https://us-central1-leaddrive-pro.cloudfunctions.net/addmessage","securityLevel":"SECURE_ALWAYS"},"status":"ACTIVE","entryPoint":"addmessage","updateTime":"2024-01-03T22:03:20.793Z","versionId":"7","labels":{"deployment-tool":"cli-firebase","firebase-functions-hash":"4cf8656d39f317fcfab6ad10aeeca6010ea2c154"},"sourceUploadUrl":"https://storage.googleapis.com/uploads-236363103676.us-central1.cloudfunctions.appspot.com/a40508ee-8d48-4e02-90be-b3726141b4da.zip?GoogleAccessId=service-915335085286@gcf-admin-robot.iam.gserviceaccount.com&Expires=1704326076&Signature=dX3Bpzfn7SKD5KdXaCg2sHfCt0N99%2B2Np8p3Fqe8Www5YUINBVPFcR5k6Kuf%2FGp0lROihZnHmfJHfdR1uOGCSdMZh%2BvokjrOkwAIIudK4JMnIw4OZaHN6WFSJnlGEqy1pkDI9xSlGxCslfsAfjB0T7h2Hi%2FOZFUlOfVUvEK9rd3bt69qRpLlNLStqzIsKYv2x59tk%2Bbhzdm%2FfNDhs3kPyEH1Bj%2BZ0emvCGkquGMtK4DG5lOVxyYmqk1EH8okC0Jmg6mpIi0jFKrZzBXl354VMLGwyOp6ETn8vrwUc8n%2B%2BwTq%2BCPC2agvgCquLeIZ7ylzQGLxVfsulI8wEvuSJxqhEQ%3D%3D","environmentVariables":{"FIREBASE_CONFIG":"{\"projectId\":\"leaddrive-pro\",\"databaseURL\":\"https://leaddrive-pro-default-rtdb.firebaseio.com\",\"storageBucket\":\"leaddrive-pro.appspot.com\"}","GCLOUD_PROJECT":"leaddrive-pro","FIRESTORE_PREFER_REST":"true","EVENTARC_CLOUD_EVENT_SOURCE":"projects/leaddrive-pro/locations/us-central1/functions/addmessage"},"runtime":"nodejs18","buildId":"b2e4700c-d085-4ae6-8e4a-037ecafb4c93","buildEnvironmentVariables":{"GOOGLE_NODE_RUN_SCRIPTS":""},"buildName":"projects/915335085286/locations/us-central1/builds/b2e4700c-d085-4ae6-8e4a-037ecafb4c93","dockerRegistry":"ARTIFACT_REGISTRY","automaticUpdatePolicy":{}},"versionId":"8","updateTime":"2024-01-03T23:24:37Z","buildId":"85489b99-4705-4b1a-8d96-c16fa683d387","buildName":"projects/915335085286/locations/us-central1/builds/85489b99-4705-4b1a-8d96-c16fa683d387"}}
[debug] [2024-01-03T23:24:38.847Z] [update-default-us-central1-addmessage] Retrying task index 0
[debug] [2024-01-03T23:24:38.848Z] >>> [apiv2][query] GET https://cloudfunctions.googleapis.com/v1/operations/bGVhZGRyaXZlLXByby91cy1jZW50cmFsMS9hZGRtZXNzYWdlL21QVWQtRWRWYjJB [none]
[debug] [2024-01-03T23:24:39.007Z] <<< [apiv2][status] GET https://cloudfunctions.googleapis.com/v1/operations/bGVhZGRyaXZlLXByby91cy1jZW50cmFsMS9hZGRtZXNzYWdlL21QVWQtRWRWYjJB 200
[debug] [2024-01-03T23:24:39.007Z] <<< [apiv2][body] GET https://cloudfunctions.googleapis.com/v1/operations/bGVhZGRyaXZlLXByby91cy1jZW50cmFsMS9hZGRtZXNzYWdlL21QVWQtRWRWYjJB {"name":"operations/bGVhZGRyaXZlLXByby91cy1jZW50cmFsMS9hZGRtZXNzYWdlL21QVWQtRWRWYjJB","metadata":{"@type":"type.googleapis.com/google.cloud.functions.v1.OperationMetadataV1","target":"projects/leaddrive-pro/locations/us-central1/functions/addmessage","type":"UPDATE_FUNCTION","request":{"@type":"type.googleapis.com/google.cloud.functions.v1.CloudFunction","name":"projects/leaddrive-pro/locations/us-central1/functions/addmessage","httpsTrigger":{"url":"https://us-central1-leaddrive-pro.cloudfunctions.net/addmessage","securityLevel":"SECURE_ALWAYS"},"status":"ACTIVE","entryPoint":"addmessage","updateTime":"2024-01-03T22:03:20.793Z","versionId":"7","labels":{"deployment-tool":"cli-firebase","firebase-functions-hash":"4cf8656d39f317fcfab6ad10aeeca6010ea2c154"},"sourceUploadUrl":"https://storage.googleapis.com/uploads-236363103676.us-central1.cloudfunctions.appspot.com/a40508ee-8d48-4e02-90be-b3726141b4da.zip?GoogleAccessId=service-915335085286@gcf-admin-robot.iam.gserviceaccount.com&Expires=1704326076&Signature=dX3Bpzfn7SKD5KdXaCg2sHfCt0N99%2B2Np8p3Fqe8Www5YUINBVPFcR5k6Kuf%2FGp0lROihZnHmfJHfdR1uOGCSdMZh%2BvokjrOkwAIIudK4JMnIw4OZaHN6WFSJnlGEqy1pkDI9xSlGxCslfsAfjB0T7h2Hi%2FOZFUlOfVUvEK9rd3bt69qRpLlNLStqzIsKYv2x59tk%2Bbhzdm%2FfNDhs3kPyEH1Bj%2BZ0emvCGkquGMtK4DG5lOVxyYmqk1EH8okC0Jmg6mpIi0jFKrZzBXl354VMLGwyOp6ETn8vrwUc8n%2B%2BwTq%2BCPC2agvgCquLeIZ7ylzQGLxVfsulI8wEvuSJxqhEQ%3D%3D","environmentVariables":{"FIREBASE_CONFIG":"{\"projectId\":\"leaddrive-pro\",\"databaseURL\":\"https://leaddrive-pro-default-rtdb.firebaseio.com\",\"storageBucket\":\"leaddrive-pro.appspot.com\"}","GCLOUD_PROJECT":"leaddrive-pro","FIRESTORE_PREFER_REST":"true","EVENTARC_CLOUD_EVENT_SOURCE":"projects/leaddrive-pro/locations/us-central1/functions/addmessage"},"runtime":"nodejs18","buildId":"b2e4700c-d085-4ae6-8e4a-037ecafb4c93","buildEnvironmentVariables":{"GOOGLE_NODE_RUN_SCRIPTS":""},"buildName":"projects/915335085286/locations/us-central1/builds/b2e4700c-d085-4ae6-8e4a-037ecafb4c93","dockerRegistry":"ARTIFACT_REGISTRY","automaticUpdatePolicy":{}},"versionId":"8","updateTime":"2024-01-03T23:24:37Z","buildId":"85489b99-4705-4b1a-8d96-c16fa683d387","buildName":"projects/915335085286/locations/us-central1/builds/85489b99-4705-4b1a-8d96-c16fa683d387"}}
[debug] [2024-01-03T23:24:41.007Z] [update-default-us-central1-addmessage] Retrying task index 0
[debug] [2024-01-03T23:24:41.007Z] >>> [apiv2][query] GET https://cloudfunctions.googleapis.com/v1/operations/bGVhZGRyaXZlLXByby91cy1jZW50cmFsMS9hZGRtZXNzYWdlL21QVWQtRWRWYjJB [none]
[debug] [2024-01-03T23:24:41.168Z] <<< [apiv2][status] GET https://cloudfunctions.googleapis.com/v1/operations/bGVhZGRyaXZlLXByby91cy1jZW50cmFsMS9hZGRtZXNzYWdlL21QVWQtRWRWYjJB 200
[debug] [2024-01-03T23:24:41.169Z] <<< [apiv2][body] GET https://cloudfunctions.googleapis.com/v1/operations/bGVhZGRyaXZlLXByby91cy1jZW50cmFsMS9hZGRtZXNzYWdlL21QVWQtRWRWYjJB {"name":"operations/bGVhZGRyaXZlLXByby91cy1jZW50cmFsMS9hZGRtZXNzYWdlL21QVWQtRWRWYjJB","metadata":{"@type":"type.googleapis.com/google.cloud.functions.v1.OperationMetadataV1","target":"projects/leaddrive-pro/locations/us-central1/functions/addmessage","type":"UPDATE_FUNCTION","request":{"@type":"type.googleapis.com/google.cloud.functions.v1.CloudFunction","name":"projects/leaddrive-pro/locations/us-central1/functions/addmessage","httpsTrigger":{"url":"https://us-central1-leaddrive-pro.cloudfunctions.net/addmessage","securityLevel":"SECURE_ALWAYS"},"status":"ACTIVE","entryPoint":"addmessage","updateTime":"2024-01-03T22:03:20.793Z","versionId":"7","labels":{"deployment-tool":"cli-firebase","firebase-functions-hash":"4cf8656d39f317fcfab6ad10aeeca6010ea2c154"},"sourceUploadUrl":"https://storage.googleapis.com/uploads-236363103676.us-central1.cloudfunctions.appspot.com/a40508ee-8d48-4e02-90be-b3726141b4da.zip?GoogleAccessId=service-915335085286@gcf-admin-robot.iam.gserviceaccount.com&Expires=1704326076&Signature=dX3Bpzfn7SKD5KdXaCg2sHfCt0N99%2B2Np8p3Fqe8Www5YUINBVPFcR5k6Kuf%2FGp0lROihZnHmfJHfdR1uOGCSdMZh%2BvokjrOkwAIIudK4JMnIw4OZaHN6WFSJnlGEqy1pkDI9xSlGxCslfsAfjB0T7h2Hi%2FOZFUlOfVUvEK9rd3bt69qRpLlNLStqzIsKYv2x59tk%2Bbhzdm%2FfNDhs3kPyEH1Bj%2BZ0emvCGkquGMtK4DG5lOVxyYmqk1EH8okC0Jmg6mpIi0jFKrZzBXl354VMLGwyOp6ETn8vrwUc8n%2B%2BwTq%2BCPC2agvgCquLeIZ7ylzQGLxVfsulI8wEvuSJxqhEQ%3D%3D","environmentVariables":{"FIREBASE_CONFIG":"{\"projectId\":\"leaddrive-pro\",\"databaseURL\":\"https://leaddrive-pro-default-rtdb.firebaseio.com\",\"storageBucket\":\"leaddrive-pro.appspot.com\"}","GCLOUD_PROJECT":"leaddrive-pro","FIRESTORE_PREFER_REST":"true","EVENTARC_CLOUD_EVENT_SOURCE":"projects/leaddrive-pro/locations/us-central1/functions/addmessage"},"runtime":"nodejs18","buildId":"b2e4700c-d085-4ae6-8e4a-037ecafb4c93","buildEnvironmentVariables":{"GOOGLE_NODE_RUN_SCRIPTS":""},"buildName":"projects/915335085286/locations/us-central1/builds/b2e4700c-d085-4ae6-8e4a-037ecafb4c93","dockerRegistry":"ARTIFACT_REGISTRY","automaticUpdatePolicy":{}},"versionId":"8","updateTime":"2024-01-03T23:24:37Z","buildId":"85489b99-4705-4b1a-8d96-c16fa683d387","buildName":"projects/915335085286/locations/us-central1/builds/85489b99-4705-4b1a-8d96-c16fa683d387"}}
[debug] [2024-01-03T23:24:45.169Z] [update-default-us-central1-addmessage] Retrying task index 0
[debug] [2024-01-03T23:24:45.169Z] >>> [apiv2][query] GET https://cloudfunctions.googleapis.com/v1/operations/bGVhZGRyaXZlLXByby91cy1jZW50cmFsMS9hZGRtZXNzYWdlL21QVWQtRWRWYjJB [none]
[debug] [2024-01-03T23:24:45.319Z] <<< [apiv2][status] GET https://cloudfunctions.googleapis.com/v1/operations/bGVhZGRyaXZlLXByby91cy1jZW50cmFsMS9hZGRtZXNzYWdlL21QVWQtRWRWYjJB 200
[debug] [2024-01-03T23:24:45.320Z] <<< [apiv2][body] GET https://cloudfunctions.googleapis.com/v1/operations/bGVhZGRyaXZlLXByby91cy1jZW50cmFsMS9hZGRtZXNzYWdlL21QVWQtRWRWYjJB {"name":"operations/bGVhZGRyaXZlLXByby91cy1jZW50cmFsMS9hZGRtZXNzYWdlL21QVWQtRWRWYjJB","metadata":{"@type":"type.googleapis.com/google.cloud.functions.v1.OperationMetadataV1","target":"projects/leaddrive-pro/locations/us-central1/functions/addmessage","type":"UPDATE_FUNCTION","request":{"@type":"type.googleapis.com/google.cloud.functions.v1.CloudFunction","name":"projects/leaddrive-pro/locations/us-central1/functions/addmessage","httpsTrigger":{"url":"https://us-central1-leaddrive-pro.cloudfunctions.net/addmessage","securityLevel":"SECURE_ALWAYS"},"status":"ACTIVE","entryPoint":"addmessage","updateTime":"2024-01-03T22:03:20.793Z","versionId":"7","labels":{"deployment-tool":"cli-firebase","firebase-functions-hash":"4cf8656d39f317fcfab6ad10aeeca6010ea2c154"},"sourceUploadUrl":"https://storage.googleapis.com/uploads-236363103676.us-central1.cloudfunctions.appspot.com/a40508ee-8d48-4e02-90be-b3726141b4da.zip?GoogleAccessId=service-915335085286@gcf-admin-robot.iam.gserviceaccount.com&Expires=1704326076&Signature=dX3Bpzfn7SKD5KdXaCg2sHfCt0N99%2B2Np8p3Fqe8Www5YUINBVPFcR5k6Kuf%2FGp0lROihZnHmfJHfdR1uOGCSdMZh%2BvokjrOkwAIIudK4JMnIw4OZaHN6WFSJnlGEqy1pkDI9xSlGxCslfsAfjB0T7h2Hi%2FOZFUlOfVUvEK9rd3bt69qRpLlNLStqzIsKYv2x59tk%2Bbhzdm%2FfNDhs3kPyEH1Bj%2BZ0emvCGkquGMtK4DG5lOVxyYmqk1EH8okC0Jmg6mpIi0jFKrZzBXl354VMLGwyOp6ETn8vrwUc8n%2B%2BwTq%2BCPC2agvgCquLeIZ7ylzQGLxVfsulI8wEvuSJxqhEQ%3D%3D","environmentVariables":{"FIREBASE_CONFIG":"{\"projectId\":\"leaddrive-pro\",\"databaseURL\":\"https://leaddrive-pro-default-rtdb.firebaseio.com\",\"storageBucket\":\"leaddrive-pro.appspot.com\"}","GCLOUD_PROJECT":"leaddrive-pro","FIRESTORE_PREFER_REST":"true","EVENTARC_CLOUD_EVENT_SOURCE":"projects/leaddrive-pro/locations/us-central1/functions/addmessage"},"runtime":"nodejs18","buildId":"b2e4700c-d085-4ae6-8e4a-037ecafb4c93","buildEnvironmentVariables":{"GOOGLE_NODE_RUN_SCRIPTS":""},"buildName":"projects/915335085286/locations/us-central1/builds/b2e4700c-d085-4ae6-8e4a-037ecafb4c93","dockerRegistry":"ARTIFACT_REGISTRY","automaticUpdatePolicy":{}},"versionId":"8","updateTime":"2024-01-03T23:24:37Z","buildId":"85489b99-4705-4b1a-8d96-c16fa683d387","buildName":"projects/915335085286/locations/us-central1/builds/85489b99-4705-4b1a-8d96-c16fa683d387"}}
[debug] [2024-01-03T23:24:53.320Z] [update-default-us-central1-addmessage] Retrying task index 0
[debug] [2024-01-03T23:24:53.321Z] >>> [apiv2][query] GET https://cloudfunctions.googleapis.com/v1/operations/bGVhZGRyaXZlLXByby91cy1jZW50cmFsMS9hZGRtZXNzYWdlL21QVWQtRWRWYjJB [none]
[debug] [2024-01-03T23:24:53.576Z] <<< [apiv2][status] GET https://cloudfunctions.googleapis.com/v1/operations/bGVhZGRyaXZlLXByby91cy1jZW50cmFsMS9hZGRtZXNzYWdlL21QVWQtRWRWYjJB 200
[debug] [2024-01-03T23:24:53.576Z] <<< [apiv2][body] GET https://cloudfunctions.googleapis.com/v1/operations/bGVhZGRyaXZlLXByby91cy1jZW50cmFsMS9hZGRtZXNzYWdlL21QVWQtRWRWYjJB {"name":"operations/bGVhZGRyaXZlLXByby91cy1jZW50cmFsMS9hZGRtZXNzYWdlL21QVWQtRWRWYjJB","metadata":{"@type":"type.googleapis.com/google.cloud.functions.v1.OperationMetadataV1","target":"projects/leaddrive-pro/locations/us-central1/functions/addmessage","type":"UPDATE_FUNCTION","request":{"@type":"type.googleapis.com/google.cloud.functions.v1.CloudFunction","name":"projects/leaddrive-pro/locations/us-central1/functions/addmessage","httpsTrigger":{"url":"https://us-central1-leaddrive-pro.cloudfunctions.net/addmessage","securityLevel":"SECURE_ALWAYS"},"status":"ACTIVE","entryPoint":"addmessage","updateTime":"2024-01-03T22:03:20.793Z","versionId":"7","labels":{"deployment-tool":"cli-firebase","firebase-functions-hash":"4cf8656d39f317fcfab6ad10aeeca6010ea2c154"},"sourceUploadUrl":"https://storage.googleapis.com/uploads-236363103676.us-central1.cloudfunctions.appspot.com/a40508ee-8d48-4e02-90be-b3726141b4da.zip?GoogleAccessId=service-915335085286@gcf-admin-robot.iam.gserviceaccount.com&Expires=1704326076&Signature=dX3Bpzfn7SKD5KdXaCg2sHfCt0N99%2B2Np8p3Fqe8Www5YUINBVPFcR5k6Kuf%2FGp0lROihZnHmfJHfdR1uOGCSdMZh%2BvokjrOkwAIIudK4JMnIw4OZaHN6WFSJnlGEqy1pkDI9xSlGxCslfsAfjB0T7h2Hi%2FOZFUlOfVUvEK9rd3bt69qRpLlNLStqzIsKYv2x59tk%2Bbhzdm%2FfNDhs3kPyEH1Bj%2BZ0emvCGkquGMtK4DG5lOVxyYmqk1EH8okC0Jmg6mpIi0jFKrZzBXl354VMLGwyOp6ETn8vrwUc8n%2B%2BwTq%2BCPC2agvgCquLeIZ7ylzQGLxVfsulI8wEvuSJxqhEQ%3D%3D","environmentVariables":{"FIREBASE_CONFIG":"{\"projectId\":\"leaddrive-pro\",\"databaseURL\":\"https://leaddrive-pro-default-rtdb.firebaseio.com\",\"storageBucket\":\"leaddrive-pro.appspot.com\"}","GCLOUD_PROJECT":"leaddrive-pro","FIRESTORE_PREFER_REST":"true","EVENTARC_CLOUD_EVENT_SOURCE":"projects/leaddrive-pro/locations/us-central1/functions/addmessage"},"runtime":"nodejs18","buildId":"b2e4700c-d085-4ae6-8e4a-037ecafb4c93","buildEnvironmentVariables":{"GOOGLE_NODE_RUN_SCRIPTS":""},"buildName":"projects/915335085286/locations/us-central1/builds/b2e4700c-d085-4ae6-8e4a-037ecafb4c93","dockerRegistry":"ARTIFACT_REGISTRY","automaticUpdatePolicy":{}},"versionId":"8","updateTime":"2024-01-03T23:24:37Z","buildId":"85489b99-4705-4b1a-8d96-c16fa683d387","buildName":"projects/915335085286/locations/us-central1/builds/85489b99-4705-4b1a-8d96-c16fa683d387"}}
[debug] [2024-01-03T23:25:03.576Z] [update-default-us-central1-addmessage] Retrying task index 0
[debug] [2024-01-03T23:25:03.577Z] >>> [apiv2][query] GET https://cloudfunctions.googleapis.com/v1/operations/bGVhZGRyaXZlLXByby91cy1jZW50cmFsMS9hZGRtZXNzYWdlL21QVWQtRWRWYjJB [none]
[debug] [2024-01-03T23:25:03.837Z] <<< [apiv2][status] GET https://cloudfunctions.googleapis.com/v1/operations/bGVhZGRyaXZlLXByby91cy1jZW50cmFsMS9hZGRtZXNzYWdlL21QVWQtRWRWYjJB 200
[debug] [2024-01-03T23:25:03.837Z] <<< [apiv2][body] GET https://cloudfunctions.googleapis.com/v1/operations/bGVhZGRyaXZlLXByby91cy1jZW50cmFsMS9hZGRtZXNzYWdlL21QVWQtRWRWYjJB {"name":"operations/bGVhZGRyaXZlLXByby91cy1jZW50cmFsMS9hZGRtZXNzYWdlL21QVWQtRWRWYjJB","metadata":{"@type":"type.googleapis.com/google.cloud.functions.v1.OperationMetadataV1","target":"projects/leaddrive-pro/locations/us-central1/functions/addmessage","type":"UPDATE_FUNCTION","request":{"@type":"type.googleapis.com/google.cloud.functions.v1.CloudFunction","name":"projects/leaddrive-pro/locations/us-central1/functions/addmessage","httpsTrigger":{"url":"https://us-central1-leaddrive-pro.cloudfunctions.net/addmessage","securityLevel":"SECURE_ALWAYS"},"status":"ACTIVE","entryPoint":"addmessage","updateTime":"2024-01-03T22:03:20.793Z","versionId":"7","labels":{"deployment-tool":"cli-firebase","firebase-functions-hash":"4cf8656d39f317fcfab6ad10aeeca6010ea2c154"},"sourceUploadUrl":"https://storage.googleapis.com/uploads-236363103676.us-central1.cloudfunctions.appspot.com/a40508ee-8d48-4e02-90be-b3726141b4da.zip?GoogleAccessId=service-915335085286@gcf-admin-robot.iam.gserviceaccount.com&Expires=1704326076&Signature=dX3Bpzfn7SKD5KdXaCg2sHfCt0N99%2B2Np8p3Fqe8Www5YUINBVPFcR5k6Kuf%2FGp0lROihZnHmfJHfdR1uOGCSdMZh%2BvokjrOkwAIIudK4JMnIw4OZaHN6WFSJnlGEqy1pkDI9xSlGxCslfsAfjB0T7h2Hi%2FOZFUlOfVUvEK9rd3bt69qRpLlNLStqzIsKYv2x59tk%2Bbhzdm%2FfNDhs3kPyEH1Bj%2BZ0emvCGkquGMtK4DG5lOVxyYmqk1EH8okC0Jmg6mpIi0jFKrZzBXl354VMLGwyOp6ETn8vrwUc8n%2B%2BwTq%2BCPC2agvgCquLeIZ7ylzQGLxVfsulI8wEvuSJxqhEQ%3D%3D","environmentVariables":{"FIREBASE_CONFIG":"{\"projectId\":\"leaddrive-pro\",\"databaseURL\":\"https://leaddrive-pro-default-rtdb.firebaseio.com\",\"storageBucket\":\"leaddrive-pro.appspot.com\"}","GCLOUD_PROJECT":"leaddrive-pro","FIRESTORE_PREFER_REST":"true","EVENTARC_CLOUD_EVENT_SOURCE":"projects/leaddrive-pro/locations/us-central1/functions/addmessage"},"runtime":"nodejs18","buildId":"b2e4700c-d085-4ae6-8e4a-037ecafb4c93","buildEnvironmentVariables":{"GOOGLE_NODE_RUN_SCRIPTS":""},"buildName":"projects/915335085286/locations/us-central1/builds/b2e4700c-d085-4ae6-8e4a-037ecafb4c93","dockerRegistry":"ARTIFACT_REGISTRY","automaticUpdatePolicy":{}},"versionId":"8","updateTime":"2024-01-03T23:24:37Z","buildId":"85489b99-4705-4b1a-8d96-c16fa683d387","buildName":"projects/915335085286/locations/us-central1/builds/85489b99-4705-4b1a-8d96-c16fa683d387"}}
[debug] [2024-01-03T23:25:13.838Z] [update-default-us-central1-addmessage] Retrying task index 0
[debug] [2024-01-03T23:25:13.838Z] >>> [apiv2][query] GET https://cloudfunctions.googleapis.com/v1/operations/bGVhZGRyaXZlLXByby91cy1jZW50cmFsMS9hZGRtZXNzYWdlL21QVWQtRWRWYjJB [none]
[debug] [2024-01-03T23:25:14.088Z] <<< [apiv2][status] GET https://cloudfunctions.googleapis.com/v1/operations/bGVhZGRyaXZlLXByby91cy1jZW50cmFsMS9hZGRtZXNzYWdlL21QVWQtRWRWYjJB 200
[debug] [2024-01-03T23:25:14.088Z] <<< [apiv2][body] GET https://cloudfunctions.googleapis.com/v1/operations/bGVhZGRyaXZlLXByby91cy1jZW50cmFsMS9hZGRtZXNzYWdlL21QVWQtRWRWYjJB {"name":"operations/bGVhZGRyaXZlLXByby91cy1jZW50cmFsMS9hZGRtZXNzYWdlL21QVWQtRWRWYjJB","metadata":{"@type":"type.googleapis.com/google.cloud.functions.v1.OperationMetadataV1","target":"projects/leaddrive-pro/locations/us-central1/functions/addmessage","type":"UPDATE_FUNCTION","request":{"@type":"type.googleapis.com/google.cloud.functions.v1.CloudFunction","name":"projects/leaddrive-pro/locations/us-central1/functions/addmessage","httpsTrigger":{"url":"https://us-central1-leaddrive-pro.cloudfunctions.net/addmessage","securityLevel":"SECURE_ALWAYS"},"status":"ACTIVE","entryPoint":"addmessage","updateTime":"2024-01-03T22:03:20.793Z","versionId":"7","labels":{"deployment-tool":"cli-firebase","firebase-functions-hash":"4cf8656d39f317fcfab6ad10aeeca6010ea2c154"},"sourceUploadUrl":"https://storage.googleapis.com/uploads-236363103676.us-central1.cloudfunctions.appspot.com/a40508ee-8d48-4e02-90be-b3726141b4da.zip?GoogleAccessId=service-915335085286@gcf-admin-robot.iam.gserviceaccount.com&Expires=1704326076&Signature=dX3Bpzfn7SKD5KdXaCg2sHfCt0N99%2B2Np8p3Fqe8Www5YUINBVPFcR5k6Kuf%2FGp0lROihZnHmfJHfdR1uOGCSdMZh%2BvokjrOkwAIIudK4JMnIw4OZaHN6WFSJnlGEqy1pkDI9xSlGxCslfsAfjB0T7h2Hi%2FOZFUlOfVUvEK9rd3bt69qRpLlNLStqzIsKYv2x59tk%2Bbhzdm%2FfNDhs3kPyEH1Bj%2BZ0emvCGkquGMtK4DG5lOVxyYmqk1EH8okC0Jmg6mpIi0jFKrZzBXl354VMLGwyOp6ETn8vrwUc8n%2B%2BwTq%2BCPC2agvgCquLeIZ7ylzQGLxVfsulI8wEvuSJxqhEQ%3D%3D","environmentVariables":{"FIREBASE_CONFIG":"{\"projectId\":\"leaddrive-pro\",\"databaseURL\":\"https://leaddrive-pro-default-rtdb.firebaseio.com\",\"storageBucket\":\"leaddrive-pro.appspot.com\"}","GCLOUD_PROJECT":"leaddrive-pro","FIRESTORE_PREFER_REST":"true","EVENTARC_CLOUD_EVENT_SOURCE":"projects/leaddrive-pro/locations/us-central1/functions/addmessage"},"runtime":"nodejs18","buildId":"b2e4700c-d085-4ae6-8e4a-037ecafb4c93","buildEnvironmentVariables":{"GOOGLE_NODE_RUN_SCRIPTS":""},"buildName":"projects/915335085286/locations/us-central1/builds/b2e4700c-d085-4ae6-8e4a-037ecafb4c93","dockerRegistry":"ARTIFACT_REGISTRY","automaticUpdatePolicy":{}},"versionId":"8","updateTime":"2024-01-03T23:24:37Z","buildId":"85489b99-4705-4b1a-8d96-c16fa683d387","buildName":"projects/915335085286/locations/us-central1/builds/85489b99-4705-4b1a-8d96-c16fa683d387"}}
[debug] [2024-01-03T23:25:24.088Z] [update-default-us-central1-addmessage] Retrying task index 0
[debug] [2024-01-03T23:25:24.089Z] >>> [apiv2][query] GET https://cloudfunctions.googleapis.com/v1/operations/bGVhZGRyaXZlLXByby91cy1jZW50cmFsMS9hZGRtZXNzYWdlL21QVWQtRWRWYjJB [none]
[debug] [2024-01-03T23:25:24.340Z] <<< [apiv2][status] GET https://cloudfunctions.googleapis.com/v1/operations/bGVhZGRyaXZlLXByby91cy1jZW50cmFsMS9hZGRtZXNzYWdlL21QVWQtRWRWYjJB 200
[debug] [2024-01-03T23:25:24.341Z] <<< [apiv2][body] GET https://cloudfunctions.googleapis.com/v1/operations/bGVhZGRyaXZlLXByby91cy1jZW50cmFsMS9hZGRtZXNzYWdlL21QVWQtRWRWYjJB {"name":"operations/bGVhZGRyaXZlLXByby91cy1jZW50cmFsMS9hZGRtZXNzYWdlL21QVWQtRWRWYjJB","metadata":{"@type":"type.googleapis.com/google.cloud.functions.v1.OperationMetadataV1","target":"projects/leaddrive-pro/locations/us-central1/functions/addmessage","type":"UPDATE_FUNCTION","request":{"@type":"type.googleapis.com/google.cloud.functions.v1.CloudFunction","name":"projects/leaddrive-pro/locations/us-central1/functions/addmessage","httpsTrigger":{"url":"https://us-central1-leaddrive-pro.cloudfunctions.net/addmessage","securityLevel":"SECURE_ALWAYS"},"status":"ACTIVE","entryPoint":"addmessage","updateTime":"2024-01-03T22:03:20.793Z","versionId":"7","labels":{"deployment-tool":"cli-firebase","firebase-functions-hash":"4cf8656d39f317fcfab6ad10aeeca6010ea2c154"},"sourceUploadUrl":"https://storage.googleapis.com/uploads-236363103676.us-central1.cloudfunctions.appspot.com/a40508ee-8d48-4e02-90be-b3726141b4da.zip?GoogleAccessId=service-915335085286@gcf-admin-robot.iam.gserviceaccount.com&Expires=1704326076&Signature=dX3Bpzfn7SKD5KdXaCg2sHfCt0N99%2B2Np8p3Fqe8Www5YUINBVPFcR5k6Kuf%2FGp0lROihZnHmfJHfdR1uOGCSdMZh%2BvokjrOkwAIIudK4JMnIw4OZaHN6WFSJnlGEqy1pkDI9xSlGxCslfsAfjB0T7h2Hi%2FOZFUlOfVUvEK9rd3bt69qRpLlNLStqzIsKYv2x59tk%2Bbhzdm%2FfNDhs3kPyEH1Bj%2BZ0emvCGkquGMtK4DG5lOVxyYmqk1EH8okC0Jmg6mpIi0jFKrZzBXl354VMLGwyOp6ETn8vrwUc8n%2B%2BwTq%2BCPC2agvgCquLeIZ7ylzQGLxVfsulI8wEvuSJxqhEQ%3D%3D","environmentVariables":{"FIREBASE_CONFIG":"{\"projectId\":\"leaddrive-pro\",\"databaseURL\":\"https://leaddrive-pro-default-rtdb.firebaseio.com\",\"storageBucket\":\"leaddrive-pro.appspot.com\"}","GCLOUD_PROJECT":"leaddrive-pro","FIRESTORE_PREFER_REST":"true","EVENTARC_CLOUD_EVENT_SOURCE":"projects/leaddrive-pro/locations/us-central1/functions/addmessage"},"runtime":"nodejs18","buildId":"b2e4700c-d085-4ae6-8e4a-037ecafb4c93","buildEnvironmentVariables":{"GOOGLE_NODE_RUN_SCRIPTS":""},"buildName":"projects/915335085286/locations/us-central1/builds/b2e4700c-d085-4ae6-8e4a-037ecafb4c93","dockerRegistry":"ARTIFACT_REGISTRY","automaticUpdatePolicy":{}},"versionId":"8","updateTime":"2024-01-03T23:24:37Z","buildId":"85489b99-4705-4b1a-8d96-c16fa683d387","sourceToken":"38771eec-da10-41c9-9f25-4ba3680fdab4","buildName":"projects/915335085286/locations/us-central1/builds/85489b99-4705-4b1a-8d96-c16fa683d387"}}
[debug] [2024-01-03T23:25:24.341Z] Got source token 38771eec-da10-41c9-9f25-4ba3680fdab4 for region us-central1
[debug] [2024-01-03T23:25:24.341Z] >>> [apiv2][query] PATCH https://cloudfunctions.googleapis.com/v1/projects/leaddrive-pro/locations/us-central1/functions/createSubaccount updateMask=name%2CsourceUploadUrl%2CentryPoint%2Cruntime%2CdockerRegistry%2Clabels%2ChttpsTrigger.securityLevel%2CminInstances%2CmaxInstances%2CingressSettings%2CenvironmentVariables%2CserviceAccountEmail%2CavailableMemoryMb%2Ctimeout%2CvpcConnector%2CvpcConnectorEgressSettings%2CsourceToken%2CbuildEnvironmentVariables
[debug] [2024-01-03T23:25:24.341Z] >>> [apiv2][body] PATCH https://cloudfunctions.googleapis.com/v1/projects/leaddrive-pro/locations/us-central1/functions/createSubaccount {"name":"projects/leaddrive-pro/locations/us-central1/functions/createSubaccount","sourceUploadUrl":"https://storage.googleapis.com/uploads-236363103676.us-central1.cloudfunctions.appspot.com/a40508ee-8d48-4e02-90be-b3726141b4da.zip?GoogleAccessId=service-915335085286@gcf-admin-robot.iam.gserviceaccount.com&Expires=1704326076&Signature=dX3Bpzfn7SKD5KdXaCg2sHfCt0N99%2B2Np8p3Fqe8Www5YUINBVPFcR5k6Kuf%2FGp0lROihZnHmfJHfdR1uOGCSdMZh%2BvokjrOkwAIIudK4JMnIw4OZaHN6WFSJnlGEqy1pkDI9xSlGxCslfsAfjB0T7h2Hi%2FOZFUlOfVUvEK9rd3bt69qRpLlNLStqzIsKYv2x59tk%2Bbhzdm%2FfNDhs3kPyEH1Bj%2BZ0emvCGkquGMtK4DG5lOVxyYmqk1EH8okC0Jmg6mpIi0jFKrZzBXl354VMLGwyOp6ETn8vrwUc8n%2B%2BwTq%2BCPC2agvgCquLeIZ7ylzQGLxVfsulI8wEvuSJxqhEQ%3D%3D","entryPoint":"createSubaccount","runtime":"nodejs18","dockerRegistry":"ARTIFACT_REGISTRY","labels":{"deployment-tool":"cli-firebase","firebase-functions-hash":"4cf8656d39f317fcfab6ad10aeeca6010ea2c154"},"httpsTrigger":{"securityLevel":"SECURE_ALWAYS"},"minInstances":null,"maxInstances":null,"ingressSettings":null,"environmentVariables":{"FIREBASE_CONFIG":"{\"projectId\":\"leaddrive-pro\",\"databaseURL\":\"https://leaddrive-pro-default-rtdb.firebaseio.com\",\"storageBucket\":\"leaddrive-pro.appspot.com\"}","GCLOUD_PROJECT":"leaddrive-pro","FIRESTORE_PREFER_REST":"true","EVENTARC_CLOUD_EVENT_SOURCE":"projects/leaddrive-pro/locations/us-central1/functions/createSubaccount"},"serviceAccountEmail":null,"availableMemoryMb":null,"timeout":null,"vpcConnector":null,"vpcConnectorEgressSettings":null,"sourceToken":"38771eec-da10-41c9-9f25-4ba3680fdab4","buildEnvironmentVariables":{"GOOGLE_NODE_RUN_SCRIPTS":""}}
[debug] [2024-01-03T23:25:24.792Z] <<< [apiv2][status] PATCH https://cloudfunctions.googleapis.com/v1/projects/leaddrive-pro/locations/us-central1/functions/createSubaccount 200
[debug] [2024-01-03T23:25:24.792Z] <<< [apiv2][body] PATCH https://cloudfunctions.googleapis.com/v1/projects/leaddrive-pro/locations/us-central1/functions/createSubaccount {"name":"operations/bGVhZGRyaXZlLXByby91cy1jZW50cmFsMS9jcmVhdGVTdWJhY2NvdW50L3g2Ym92bnlKaU1J","metadata":{"@type":"type.googleapis.com/google.cloud.functions.v1.OperationMetadataV1","target":"projects/leaddrive-pro/locations/us-central1/functions/createSubaccount","type":"UPDATE_FUNCTION","request":{"@type":"type.googleapis.com/google.cloud.functions.v1.CloudFunction","name":"projects/leaddrive-pro/locations/us-central1/functions/createSubaccount","httpsTrigger":{"url":"https://us-central1-leaddrive-pro.cloudfunctions.net/createSubaccount","securityLevel":"SECURE_ALWAYS"},"status":"ACTIVE","entryPoint":"createSubaccount","updateTime":"2024-01-03T22:03:31.118Z","versionId":"2","labels":{"deployment-tool":"cli-firebase","firebase-functions-hash":"4cf8656d39f317fcfab6ad10aeeca6010ea2c154"},"sourceUploadUrl":"https://storage.googleapis.com/uploads-236363103676.us-central1.cloudfunctions.appspot.com/a40508ee-8d48-4e02-90be-b3726141b4da.zip?GoogleAccessId=service-915335085286@gcf-admin-robot.iam.gserviceaccount.com&Expires=1704326076&Signature=dX3Bpzfn7SKD5KdXaCg2sHfCt0N99%2B2Np8p3Fqe8Www5YUINBVPFcR5k6Kuf%2FGp0lROihZnHmfJHfdR1uOGCSdMZh%2BvokjrOkwAIIudK4JMnIw4OZaHN6WFSJnlGEqy1pkDI9xSlGxCslfsAfjB0T7h2Hi%2FOZFUlOfVUvEK9rd3bt69qRpLlNLStqzIsKYv2x59tk%2Bbhzdm%2FfNDhs3kPyEH1Bj%2BZ0emvCGkquGMtK4DG5lOVxyYmqk1EH8okC0Jmg6mpIi0jFKrZzBXl354VMLGwyOp6ETn8vrwUc8n%2B%2BwTq%2BCPC2agvgCquLeIZ7ylzQGLxVfsulI8wEvuSJxqhEQ%3D%3D","environmentVariables":{"FIREBASE_CONFIG":"{\"projectId\":\"leaddrive-pro\",\"databaseURL\":\"https://leaddrive-pro-default-rtdb.firebaseio.com\",\"storageBucket\":\"leaddrive-pro.appspot.com\"}","GCLOUD_PROJECT":"leaddrive-pro","FIRESTORE_PREFER_REST":"true","EVENTARC_CLOUD_EVENT_SOURCE":"projects/leaddrive-pro/locations/us-central1/functions/createSubaccount"},"runtime":"nodejs18","buildId":"b2e4700c-d085-4ae6-8e4a-037ecafb4c93","buildEnvironmentVariables":{"GOOGLE_NODE_RUN_SCRIPTS":""},"sourceToken":"38771eec-da10-41c9-9f25-4ba3680fdab4","buildName":"projects/915335085286/locations/us-central1/builds/b2e4700c-d085-4ae6-8e4a-037ecafb4c93","dockerRegistry":"ARTIFACT_REGISTRY","automaticUpdatePolicy":{}},"versionId":"3","updateTime":"2024-01-03T23:25:24Z","sourceToken":"38771eec-da10-41c9-9f25-4ba3680fdab4"}}
[debug] [2024-01-03T23:25:24.792Z] >>> [apiv2][query] GET https://cloudfunctions.googleapis.com/v1/operations/bGVhZGRyaXZlLXByby91cy1jZW50cmFsMS9jcmVhdGVTdWJhY2NvdW50L3g2Ym92bnlKaU1J [none]
[debug] [2024-01-03T23:25:24.933Z] <<< [apiv2][status] GET https://cloudfunctions.googleapis.com/v1/operations/bGVhZGRyaXZlLXByby91cy1jZW50cmFsMS9jcmVhdGVTdWJhY2NvdW50L3g2Ym92bnlKaU1J 200
[debug] [2024-01-03T23:25:24.933Z] <<< [apiv2][body] GET https://cloudfunctions.googleapis.com/v1/operations/bGVhZGRyaXZlLXByby91cy1jZW50cmFsMS9jcmVhdGVTdWJhY2NvdW50L3g2Ym92bnlKaU1J {"name":"operations/bGVhZGRyaXZlLXByby91cy1jZW50cmFsMS9jcmVhdGVTdWJhY2NvdW50L3g2Ym92bnlKaU1J","metadata":{"@type":"type.googleapis.com/google.cloud.functions.v1.OperationMetadataV1","target":"projects/leaddrive-pro/locations/us-central1/functions/createSubaccount","type":"UPDATE_FUNCTION","request":{"@type":"type.googleapis.com/google.cloud.functions.v1.CloudFunction","name":"projects/leaddrive-pro/locations/us-central1/functions/createSubaccount","httpsTrigger":{"url":"https://us-central1-leaddrive-pro.cloudfunctions.net/createSubaccount","securityLevel":"SECURE_ALWAYS"},"status":"ACTIVE","entryPoint":"createSubaccount","updateTime":"2024-01-03T22:03:31.118Z","versionId":"2","labels":{"deployment-tool":"cli-firebase","firebase-functions-hash":"4cf8656d39f317fcfab6ad10aeeca6010ea2c154"},"sourceUploadUrl":"https://storage.googleapis.com/uploads-236363103676.us-central1.cloudfunctions.appspot.com/a40508ee-8d48-4e02-90be-b3726141b4da.zip?GoogleAccessId=service-915335085286@gcf-admin-robot.iam.gserviceaccount.com&Expires=1704326076&Signature=dX3Bpzfn7SKD5KdXaCg2sHfCt0N99%2B2Np8p3Fqe8Www5YUINBVPFcR5k6Kuf%2FGp0lROihZnHmfJHfdR1uOGCSdMZh%2BvokjrOkwAIIudK4JMnIw4OZaHN6WFSJnlGEqy1pkDI9xSlGxCslfsAfjB0T7h2Hi%2FOZFUlOfVUvEK9rd3bt69qRpLlNLStqzIsKYv2x59tk%2Bbhzdm%2FfNDhs3kPyEH1Bj%2BZ0emvCGkquGMtK4DG5lOVxyYmqk1EH8okC0Jmg6mpIi0jFKrZzBXl354VMLGwyOp6ETn8vrwUc8n%2B%2BwTq%2BCPC2agvgCquLeIZ7ylzQGLxVfsulI8wEvuSJxqhEQ%3D%3D","environmentVariables":{"FIREBASE_CONFIG":"{\"projectId\":\"leaddrive-pro\",\"databaseURL\":\"https://leaddrive-pro-default-rtdb.firebaseio.com\",\"storageBucket\":\"leaddrive-pro.appspot.com\"}","GCLOUD_PROJECT":"leaddrive-pro","FIRESTORE_PREFER_REST":"true","EVENTARC_CLOUD_EVENT_SOURCE":"projects/leaddrive-pro/locations/us-central1/functions/createSubaccount"},"runtime":"nodejs18","buildId":"b2e4700c-d085-4ae6-8e4a-037ecafb4c93","buildEnvironmentVariables":{"GOOGLE_NODE_RUN_SCRIPTS":""},"sourceToken":"38771eec-da10-41c9-9f25-4ba3680fdab4","buildName":"projects/915335085286/locations/us-central1/builds/b2e4700c-d085-4ae6-8e4a-037ecafb4c93","dockerRegistry":"ARTIFACT_REGISTRY","automaticUpdatePolicy":{}},"versionId":"3","updateTime":"2024-01-03T23:25:24Z","sourceToken":"38771eec-da10-41c9-9f25-4ba3680fdab4"}}
[debug] [2024-01-03T23:25:24.933Z] Got source token 38771eec-da10-41c9-9f25-4ba3680fdab4 for region us-central1
[debug] [2024-01-03T23:25:25.433Z] [update-default-us-central1-createSubaccount] Retrying task index 0
[debug] [2024-01-03T23:25:25.433Z] >>> [apiv2][query] GET https://cloudfunctions.googleapis.com/v1/operations/bGVhZGRyaXZlLXByby91cy1jZW50cmFsMS9jcmVhdGVTdWJhY2NvdW50L3g2Ym92bnlKaU1J [none]
[debug] [2024-01-03T23:25:25.586Z] <<< [apiv2][status] GET https://cloudfunctions.googleapis.com/v1/operations/bGVhZGRyaXZlLXByby91cy1jZW50cmFsMS9jcmVhdGVTdWJhY2NvdW50L3g2Ym92bnlKaU1J 200
[debug] [2024-01-03T23:25:25.586Z] <<< [apiv2][body] GET https://cloudfunctions.googleapis.com/v1/operations/bGVhZGRyaXZlLXByby91cy1jZW50cmFsMS9jcmVhdGVTdWJhY2NvdW50L3g2Ym92bnlKaU1J {"name":"operations/bGVhZGRyaXZlLXByby91cy1jZW50cmFsMS9jcmVhdGVTdWJhY2NvdW50L3g2Ym92bnlKaU1J","metadata":{"@type":"type.googleapis.com/google.cloud.functions.v1.OperationMetadataV1","target":"projects/leaddrive-pro/locations/us-central1/functions/createSubaccount","type":"UPDATE_FUNCTION","request":{"@type":"type.googleapis.com/google.cloud.functions.v1.CloudFunction","name":"projects/leaddrive-pro/locations/us-central1/functions/createSubaccount","httpsTrigger":{"url":"https://us-central1-leaddrive-pro.cloudfunctions.net/createSubaccount","securityLevel":"SECURE_ALWAYS"},"status":"ACTIVE","entryPoint":"createSubaccount","updateTime":"2024-01-03T22:03:31.118Z","versionId":"2","labels":{"deployment-tool":"cli-firebase","firebase-functions-hash":"4cf8656d39f317fcfab6ad10aeeca6010ea2c154"},"sourceUploadUrl":"https://storage.googleapis.com/uploads-236363103676.us-central1.cloudfunctions.appspot.com/a40508ee-8d48-4e02-90be-b3726141b4da.zip?GoogleAccessId=service-915335085286@gcf-admin-robot.iam.gserviceaccount.com&Expires=1704326076&Signature=dX3Bpzfn7SKD5KdXaCg2sHfCt0N99%2B2Np8p3Fqe8Www5YUINBVPFcR5k6Kuf%2FGp0lROihZnHmfJHfdR1uOGCSdMZh%2BvokjrOkwAIIudK4JMnIw4OZaHN6WFSJnlGEqy1pkDI9xSlGxCslfsAfjB0T7h2Hi%2FOZFUlOfVUvEK9rd3bt69qRpLlNLStqzIsKYv2x59tk%2Bbhzdm%2FfNDhs3kPyEH1Bj%2BZ0emvCGkquGMtK4DG5lOVxyYmqk1EH8okC0Jmg6mpIi0jFKrZzBXl354VMLGwyOp6ETn8vrwUc8n%2B%2BwTq%2BCPC2agvgCquLeIZ7ylzQGLxVfsulI8wEvuSJxqhEQ%3D%3D","environmentVariables":{"FIREBASE_CONFIG":"{\"projectId\":\"leaddrive-pro\",\"databaseURL\":\"https://leaddrive-pro-default-rtdb.firebaseio.com\",\"storageBucket\":\"leaddrive-pro.appspot.com\"}","GCLOUD_PROJECT":"leaddrive-pro","FIRESTORE_PREFER_REST":"true","EVENTARC_CLOUD_EVENT_SOURCE":"projects/leaddrive-pro/locations/us-central1/functions/createSubaccount"},"runtime":"nodejs18","buildId":"b2e4700c-d085-4ae6-8e4a-037ecafb4c93","buildEnvironmentVariables":{"GOOGLE_NODE_RUN_SCRIPTS":""},"sourceToken":"38771eec-da10-41c9-9f25-4ba3680fdab4","buildName":"projects/915335085286/locations/us-central1/builds/b2e4700c-d085-4ae6-8e4a-037ecafb4c93","dockerRegistry":"ARTIFACT_REGISTRY","automaticUpdatePolicy":{}},"versionId":"3","updateTime":"2024-01-03T23:25:24Z","buildId":"85489b99-4705-4b1a-8d96-c16fa683d387","sourceToken":"38771eec-da10-41c9-9f25-4ba3680fdab4","buildName":"projects/915335085286/locations/us-central1/builds/85489b99-4705-4b1a-8d96-c16fa683d387"}}
[debug] [2024-01-03T23:25:25.586Z] Got source token 38771eec-da10-41c9-9f25-4ba3680fdab4 for region us-central1
[debug] [2024-01-03T23:25:26.587Z] [update-default-us-central1-createSubaccount] Retrying task index 0
[debug] [2024-01-03T23:25:26.587Z] >>> [apiv2][query] GET https://cloudfunctions.googleapis.com/v1/operations/bGVhZGRyaXZlLXByby91cy1jZW50cmFsMS9jcmVhdGVTdWJhY2NvdW50L3g2Ym92bnlKaU1J [none]
[debug] [2024-01-03T23:25:26.768Z] <<< [apiv2][status] GET https://cloudfunctions.googleapis.com/v1/operations/bGVhZGRyaXZlLXByby91cy1jZW50cmFsMS9jcmVhdGVTdWJhY2NvdW50L3g2Ym92bnlKaU1J 200
[debug] [2024-01-03T23:25:26.768Z] <<< [apiv2][body] GET https://cloudfunctions.googleapis.com/v1/operations/bGVhZGRyaXZlLXByby91cy1jZW50cmFsMS9jcmVhdGVTdWJhY2NvdW50L3g2Ym92bnlKaU1J {"name":"operations/bGVhZGRyaXZlLXByby91cy1jZW50cmFsMS9jcmVhdGVTdWJhY2NvdW50L3g2Ym92bnlKaU1J","metadata":{"@type":"type.googleapis.com/google.cloud.functions.v1.OperationMetadataV1","target":"projects/leaddrive-pro/locations/us-central1/functions/createSubaccount","type":"UPDATE_FUNCTION","request":{"@type":"type.googleapis.com/google.cloud.functions.v1.CloudFunction","name":"projects/leaddrive-pro/locations/us-central1/functions/createSubaccount","httpsTrigger":{"url":"https://us-central1-leaddrive-pro.cloudfunctions.net/createSubaccount","securityLevel":"SECURE_ALWAYS"},"status":"ACTIVE","entryPoint":"createSubaccount","updateTime":"2024-01-03T22:03:31.118Z","versionId":"2","labels":{"deployment-tool":"cli-firebase","firebase-functions-hash":"4cf8656d39f317fcfab6ad10aeeca6010ea2c154"},"sourceUploadUrl":"https://storage.googleapis.com/uploads-236363103676.us-central1.cloudfunctions.appspot.com/a40508ee-8d48-4e02-90be-b3726141b4da.zip?GoogleAccessId=service-915335085286@gcf-admin-robot.iam.gserviceaccount.com&Expires=1704326076&Signature=dX3Bpzfn7SKD5KdXaCg2sHfCt0N99%2B2Np8p3Fqe8Www5YUINBVPFcR5k6Kuf%2FGp0lROihZnHmfJHfdR1uOGCSdMZh%2BvokjrOkwAIIudK4JMnIw4OZaHN6WFSJnlGEqy1pkDI9xSlGxCslfsAfjB0T7h2Hi%2FOZFUlOfVUvEK9rd3bt69qRpLlNLStqzIsKYv2x59tk%2Bbhzdm%2FfNDhs3kPyEH1Bj%2BZ0emvCGkquGMtK4DG5lOVxyYmqk1EH8okC0Jmg6mpIi0jFKrZzBXl354VMLGwyOp6ETn8vrwUc8n%2B%2BwTq%2BCPC2agvgCquLeIZ7ylzQGLxVfsulI8wEvuSJxqhEQ%3D%3D","environmentVariables":{"FIREBASE_CONFIG":"{\"projectId\":\"leaddrive-pro\",\"databaseURL\":\"https://leaddrive-pro-default-rtdb.firebaseio.com\",\"storageBucket\":\"leaddrive-pro.appspot.com\"}","GCLOUD_PROJECT":"leaddrive-pro","FIRESTORE_PREFER_REST":"true","EVENTARC_CLOUD_EVENT_SOURCE":"projects/leaddrive-pro/locations/us-central1/functions/createSubaccount"},"runtime":"nodejs18","buildId":"b2e4700c-d085-4ae6-8e4a-037ecafb4c93","buildEnvironmentVariables":{"GOOGLE_NODE_RUN_SCRIPTS":""},"sourceToken":"38771eec-da10-41c9-9f25-4ba3680fdab4","buildName":"projects/915335085286/locations/us-central1/builds/b2e4700c-d085-4ae6-8e4a-037ecafb4c93","dockerRegistry":"ARTIFACT_REGISTRY","automaticUpdatePolicy":{}},"versionId":"3","updateTime":"2024-01-03T23:25:24Z","buildId":"85489b99-4705-4b1a-8d96-c16fa683d387","sourceToken":"38771eec-da10-41c9-9f25-4ba3680fdab4","buildName":"projects/915335085286/locations/us-central1/builds/85489b99-4705-4b1a-8d96-c16fa683d387"}}
[debug] [2024-01-03T23:25:26.769Z] Got source token 38771eec-da10-41c9-9f25-4ba3680fdab4 for region us-central1
[debug] [2024-01-03T23:25:28.769Z] [update-default-us-central1-createSubaccount] Retrying task index 0
[debug] [2024-01-03T23:25:28.769Z] >>> [apiv2][query] GET https://cloudfunctions.googleapis.com/v1/operations/bGVhZGRyaXZlLXByby91cy1jZW50cmFsMS9jcmVhdGVTdWJhY2NvdW50L3g2Ym92bnlKaU1J [none]
[debug] [2024-01-03T23:25:28.917Z] <<< [apiv2][status] GET https://cloudfunctions.googleapis.com/v1/operations/bGVhZGRyaXZlLXByby91cy1jZW50cmFsMS9jcmVhdGVTdWJhY2NvdW50L3g2Ym92bnlKaU1J 200
[debug] [2024-01-03T23:25:28.918Z] <<< [apiv2][body] GET https://cloudfunctions.googleapis.com/v1/operations/bGVhZGRyaXZlLXByby91cy1jZW50cmFsMS9jcmVhdGVTdWJhY2NvdW50L3g2Ym92bnlKaU1J {"name":"operations/bGVhZGRyaXZlLXByby91cy1jZW50cmFsMS9jcmVhdGVTdWJhY2NvdW50L3g2Ym92bnlKaU1J","metadata":{"@type":"type.googleapis.com/google.cloud.functions.v1.OperationMetadataV1","target":"projects/leaddrive-pro/locations/us-central1/functions/createSubaccount","type":"UPDATE_FUNCTION","request":{"@type":"type.googleapis.com/google.cloud.functions.v1.CloudFunction","name":"projects/leaddrive-pro/locations/us-central1/functions/createSubaccount","httpsTrigger":{"url":"https://us-central1-leaddrive-pro.cloudfunctions.net/createSubaccount","securityLevel":"SECURE_ALWAYS"},"status":"ACTIVE","entryPoint":"createSubaccount","updateTime":"2024-01-03T22:03:31.118Z","versionId":"2","labels":{"deployment-tool":"cli-firebase","firebase-functions-hash":"4cf8656d39f317fcfab6ad10aeeca6010ea2c154"},"sourceUploadUrl":"https://storage.googleapis.com/uploads-236363103676.us-central1.cloudfunctions.appspot.com/a40508ee-8d48-4e02-90be-b3726141b4da.zip?GoogleAccessId=service-915335085286@gcf-admin-robot.iam.gserviceaccount.com&Expires=1704326076&Signature=dX3Bpzfn7SKD5KdXaCg2sHfCt0N99%2B2Np8p3Fqe8Www5YUINBVPFcR5k6Kuf%2FGp0lROihZnHmfJHfdR1uOGCSdMZh%2BvokjrOkwAIIudK4JMnIw4OZaHN6WFSJnlGEqy1pkDI9xSlGxCslfsAfjB0T7h2Hi%2FOZFUlOfVUvEK9rd3bt69qRpLlNLStqzIsKYv2x59tk%2Bbhzdm%2FfNDhs3kPyEH1Bj%2BZ0emvCGkquGMtK4DG5lOVxyYmqk1EH8okC0Jmg6mpIi0jFKrZzBXl354VMLGwyOp6ETn8vrwUc8n%2B%2BwTq%2BCPC2agvgCquLeIZ7ylzQGLxVfsulI8wEvuSJxqhEQ%3D%3D","environmentVariables":{"FIREBASE_CONFIG":"{\"projectId\":\"leaddrive-pro\",\"databaseURL\":\"https://leaddrive-pro-default-rtdb.firebaseio.com\",\"storageBucket\":\"leaddrive-pro.appspot.com\"}","GCLOUD_PROJECT":"leaddrive-pro","FIRESTORE_PREFER_REST":"true","EVENTARC_CLOUD_EVENT_SOURCE":"projects/leaddrive-pro/locations/us-central1/functions/createSubaccount"},"runtime":"nodejs18","buildId":"b2e4700c-d085-4ae6-8e4a-037ecafb4c93","buildEnvironmentVariables":{"GOOGLE_NODE_RUN_SCRIPTS":""},"sourceToken":"38771eec-da10-41c9-9f25-4ba3680fdab4","buildName":"projects/915335085286/locations/us-central1/builds/b2e4700c-d085-4ae6-8e4a-037ecafb4c93","dockerRegistry":"ARTIFACT_REGISTRY","automaticUpdatePolicy":{}},"versionId":"3","updateTime":"2024-01-03T23:25:24Z","buildId":"85489b99-4705-4b1a-8d96-c16fa683d387","sourceToken":"38771eec-da10-41c9-9f25-4ba3680fdab4","buildName":"projects/915335085286/locations/us-central1/builds/85489b99-4705-4b1a-8d96-c16fa683d387"}}
[debug] [2024-01-03T23:25:28.918Z] Got source token 38771eec-da10-41c9-9f25-4ba3680fdab4 for region us-central1
[debug] [2024-01-03T23:25:32.918Z] [update-default-us-central1-createSubaccount] Retrying task index 0
[debug] [2024-01-03T23:25:32.918Z] >>> [apiv2][query] GET https://cloudfunctions.googleapis.com/v1/operations/bGVhZGRyaXZlLXByby91cy1jZW50cmFsMS9jcmVhdGVTdWJhY2NvdW50L3g2Ym92bnlKaU1J [none]
[debug] [2024-01-03T23:25:33.054Z] <<< [apiv2][status] GET https://cloudfunctions.googleapis.com/v1/operations/bGVhZGRyaXZlLXByby91cy1jZW50cmFsMS9jcmVhdGVTdWJhY2NvdW50L3g2Ym92bnlKaU1J 200
[debug] [2024-01-03T23:25:33.055Z] <<< [apiv2][body] GET https://cloudfunctions.googleapis.com/v1/operations/bGVhZGRyaXZlLXByby91cy1jZW50cmFsMS9jcmVhdGVTdWJhY2NvdW50L3g2Ym92bnlKaU1J {"name":"operations/bGVhZGRyaXZlLXByby91cy1jZW50cmFsMS9jcmVhdGVTdWJhY2NvdW50L3g2Ym92bnlKaU1J","metadata":{"@type":"type.googleapis.com/google.cloud.functions.v1.OperationMetadataV1","target":"projects/leaddrive-pro/locations/us-central1/functions/createSubaccount","type":"UPDATE_FUNCTION","request":{"@type":"type.googleapis.com/google.cloud.functions.v1.CloudFunction","name":"projects/leaddrive-pro/locations/us-central1/functions/createSubaccount","httpsTrigger":{"url":"https://us-central1-leaddrive-pro.cloudfunctions.net/createSubaccount","securityLevel":"SECURE_ALWAYS"},"status":"ACTIVE","entryPoint":"createSubaccount","updateTime":"2024-01-03T22:03:31.118Z","versionId":"2","labels":{"deployment-tool":"cli-firebase","firebase-functions-hash":"4cf8656d39f317fcfab6ad10aeeca6010ea2c154"},"sourceUploadUrl":"https://storage.googleapis.com/uploads-236363103676.us-central1.cloudfunctions.appspot.com/a40508ee-8d48-4e02-90be-b3726141b4da.zip?GoogleAccessId=service-915335085286@gcf-admin-robot.iam.gserviceaccount.com&Expires=1704326076&Signature=dX3Bpzfn7SKD5KdXaCg2sHfCt0N99%2B2Np8p3Fqe8Www5YUINBVPFcR5k6Kuf%2FGp0lROihZnHmfJHfdR1uOGCSdMZh%2BvokjrOkwAIIudK4JMnIw4OZaHN6WFSJnlGEqy1pkDI9xSlGxCslfsAfjB0T7h2Hi%2FOZFUlOfVUvEK9rd3bt69qRpLlNLStqzIsKYv2x59tk%2Bbhzdm%2FfNDhs3kPyEH1Bj%2BZ0emvCGkquGMtK4DG5lOVxyYmqk1EH8okC0Jmg6mpIi0jFKrZzBXl354VMLGwyOp6ETn8vrwUc8n%2B%2BwTq%2BCPC2agvgCquLeIZ7ylzQGLxVfsulI8wEvuSJxqhEQ%3D%3D","environmentVariables":{"FIREBASE_CONFIG":"{\"projectId\":\"leaddrive-pro\",\"databaseURL\":\"https://leaddrive-pro-default-rtdb.firebaseio.com\",\"storageBucket\":\"leaddrive-pro.appspot.com\"}","GCLOUD_PROJECT":"leaddrive-pro","FIRESTORE_PREFER_REST":"true","EVENTARC_CLOUD_EVENT_SOURCE":"projects/leaddrive-pro/locations/us-central1/functions/createSubaccount"},"runtime":"nodejs18","buildId":"b2e4700c-d085-4ae6-8e4a-037ecafb4c93","buildEnvironmentVariables":{"GOOGLE_NODE_RUN_SCRIPTS":""},"sourceToken":"38771eec-da10-41c9-9f25-4ba3680fdab4","buildName":"projects/915335085286/locations/us-central1/builds/b2e4700c-d085-4ae6-8e4a-037ecafb4c93","dockerRegistry":"ARTIFACT_REGISTRY","automaticUpdatePolicy":{}},"versionId":"3","updateTime":"2024-01-03T23:25:24Z","buildId":"85489b99-4705-4b1a-8d96-c16fa683d387","sourceToken":"38771eec-da10-41c9-9f25-4ba3680fdab4","buildName":"projects/915335085286/locations/us-central1/builds/85489b99-4705-4b1a-8d96-c16fa683d387"}}
[debug] [2024-01-03T23:25:33.055Z] Got source token 38771eec-da10-41c9-9f25-4ba3680fdab4 for region us-central1
[debug] [2024-01-03T23:25:34.341Z] [update-default-us-central1-addmessage] Retrying task index 0
[debug] [2024-01-03T23:25:34.341Z] >>> [apiv2][query] GET https://cloudfunctions.googleapis.com/v1/operations/bGVhZGRyaXZlLXByby91cy1jZW50cmFsMS9hZGRtZXNzYWdlL21QVWQtRWRWYjJB [none]
[debug] [2024-01-03T23:25:34.497Z] <<< [apiv2][status] GET https://cloudfunctions.googleapis.com/v1/operations/bGVhZGRyaXZlLXByby91cy1jZW50cmFsMS9hZGRtZXNzYWdlL21QVWQtRWRWYjJB 200
[debug] [2024-01-03T23:25:34.498Z] <<< [apiv2][body] GET https://cloudfunctions.googleapis.com/v1/operations/bGVhZGRyaXZlLXByby91cy1jZW50cmFsMS9hZGRtZXNzYWdlL21QVWQtRWRWYjJB {"name":"operations/bGVhZGRyaXZlLXByby91cy1jZW50cmFsMS9hZGRtZXNzYWdlL21QVWQtRWRWYjJB","metadata":{"@type":"type.googleapis.com/google.cloud.functions.v1.OperationMetadataV1","target":"projects/leaddrive-pro/locations/us-central1/functions/addmessage","type":"UPDATE_FUNCTION","request":{"@type":"type.googleapis.com/google.cloud.functions.v1.CloudFunction","name":"projects/leaddrive-pro/locations/us-central1/functions/addmessage","httpsTrigger":{"url":"https://us-central1-leaddrive-pro.cloudfunctions.net/addmessage","securityLevel":"SECURE_ALWAYS"},"status":"ACTIVE","entryPoint":"addmessage","updateTime":"2024-01-03T22:03:20.793Z","versionId":"7","labels":{"deployment-tool":"cli-firebase","firebase-functions-hash":"4cf8656d39f317fcfab6ad10aeeca6010ea2c154"},"sourceUploadUrl":"https://storage.googleapis.com/uploads-236363103676.us-central1.cloudfunctions.appspot.com/a40508ee-8d48-4e02-90be-b3726141b4da.zip?GoogleAccessId=service-915335085286@gcf-admin-robot.iam.gserviceaccount.com&Expires=1704326076&Signature=dX3Bpzfn7SKD5KdXaCg2sHfCt0N99%2B2Np8p3Fqe8Www5YUINBVPFcR5k6Kuf%2FGp0lROihZnHmfJHfdR1uOGCSdMZh%2BvokjrOkwAIIudK4JMnIw4OZaHN6WFSJnlGEqy1pkDI9xSlGxCslfsAfjB0T7h2Hi%2FOZFUlOfVUvEK9rd3bt69qRpLlNLStqzIsKYv2x59tk%2Bbhzdm%2FfNDhs3kPyEH1Bj%2BZ0emvCGkquGMtK4DG5lOVxyYmqk1EH8okC0Jmg6mpIi0jFKrZzBXl354VMLGwyOp6ETn8vrwUc8n%2B%2BwTq%2BCPC2agvgCquLeIZ7ylzQGLxVfsulI8wEvuSJxqhEQ%3D%3D","environmentVariables":{"FIREBASE_CONFIG":"{\"projectId\":\"leaddrive-pro\",\"databaseURL\":\"https://leaddrive-pro-default-rtdb.firebaseio.com\",\"storageBucket\":\"leaddrive-pro.appspot.com\"}","GCLOUD_PROJECT":"leaddrive-pro","FIRESTORE_PREFER_REST":"true","EVENTARC_CLOUD_EVENT_SOURCE":"projects/leaddrive-pro/locations/us-central1/functions/addmessage"},"runtime":"nodejs18","buildId":"b2e4700c-d085-4ae6-8e4a-037ecafb4c93","buildEnvironmentVariables":{"GOOGLE_NODE_RUN_SCRIPTS":""},"buildName":"projects/915335085286/locations/us-central1/builds/b2e4700c-d085-4ae6-8e4a-037ecafb4c93","dockerRegistry":"ARTIFACT_REGISTRY","automaticUpdatePolicy":{}},"versionId":"8","updateTime":"2024-01-03T23:25:27Z","buildId":"85489b99-4705-4b1a-8d96-c16fa683d387","sourceToken":"38771eec-da10-41c9-9f25-4ba3680fdab4","buildName":"projects/915335085286/locations/us-central1/builds/85489b99-4705-4b1a-8d96-c16fa683d387"},"done":true,"error":{"code":3,"message":"Function failed on loading user code. This is likely due to a bug in the user code. Error message: Provided module can't be loaded.\nDid you list all required modules in the package.json dependencies?\nDetailed stack trace: Error: Cannot find module 'firebase/auth'\nRequire stack:\n- /workspace/index.js\n- /layers/google.nodejs.functions-framework/functions-framework/node_modules/@google-cloud/functions-framework/build/src/loader.js\n- /layers/google.nodejs.functions-framework/functions-framework/node_modules/@google-cloud/functions-framework/build/src/main.js\n    at Module._resolveFilename (node:internal/modules/cjs/loader:1077:15)\n    at Module._load (node:internal/modules/cjs/loader:922:27)\n    at Module.require (node:internal/modules/cjs/loader:1143:19)\n    at require (node:internal/modules/cjs/helpers:119:18)\n    at Object.<anonymous> (/workspace/index.js:5:36)\n    at Module._compile (node:internal/modules/cjs/loader:1256:14)\n    at Module._extensions..js (node:internal/modules/cjs/loader:1310:10)\n    at Module.load (node:internal/modules/cjs/loader:1119:32)\n    at Module._load (node:internal/modules/cjs/loader:960:12)\n    at Module.require (node:internal/modules/cjs/loader:1143:19)\nCould not load the function, shutting down.. Please visit https://cloud.google.com/functions/docs/troubleshooting for in-depth troubleshooting documentation."}}
[debug] [2024-01-03T23:25:34.498Z] Got source token 38771eec-da10-41c9-9f25-4ba3680fdab4 for region us-central1
[error] Function failed on loading user code. This is likely due to a bug in the user code. Error message: Provided module can't be loaded.
Did you list all required modules in the package.json dependencies?
Detailed stack trace: Error: Cannot find module 'firebase/auth'
Require stack:
- /workspace/index.js
- /layers/google.nodejs.functions-framework/functions-framework/node_modules/@google-cloud/functions-framework/build/src/loader.js
- /layers/google.nodejs.functions-framework/functions-framework/node_modules/@google-cloud/functions-framework/build/src/main.js
    at Module._resolveFilename (node:internal/modules/cjs/loader:1077:15)
    at Module._load (node:internal/modules/cjs/loader:922:27)
    at Module.require (node:internal/modules/cjs/loader:1143:19)
    at require (node:internal/modules/cjs/helpers:119:18)
    at Object.<anonymous> (/workspace/index.js:5:36)
    at Module._compile (node:internal/modules/cjs/loader:1256:14)
    at Module._extensions..js (node:internal/modules/cjs/loader:1310:10)
    at Module.load (node:internal/modules/cjs/loader:1119:32)
    at Module._load (node:internal/modules/cjs/loader:960:12)
    at Module.require (node:internal/modules/cjs/loader:1143:19)
Could not load the function, shutting down.. Please visit https://cloud.google.com/functions/docs/troubleshooting for in-depth troubleshooting documentation.
[debug] [2024-01-03T23:25:41.055Z] [update-default-us-central1-createSubaccount] Retrying task index 0
[debug] [2024-01-03T23:25:41.056Z] >>> [apiv2][query] GET https://cloudfunctions.googleapis.com/v1/operations/bGVhZGRyaXZlLXByby91cy1jZW50cmFsMS9jcmVhdGVTdWJhY2NvdW50L3g2Ym92bnlKaU1J [none]
[debug] [2024-01-03T23:25:41.308Z] <<< [apiv2][status] GET https://cloudfunctions.googleapis.com/v1/operations/bGVhZGRyaXZlLXByby91cy1jZW50cmFsMS9jcmVhdGVTdWJhY2NvdW50L3g2Ym92bnlKaU1J 200
[debug] [2024-01-03T23:25:41.308Z] <<< [apiv2][body] GET https://cloudfunctions.googleapis.com/v1/operations/bGVhZGRyaXZlLXByby91cy1jZW50cmFsMS9jcmVhdGVTdWJhY2NvdW50L3g2Ym92bnlKaU1J {"name":"operations/bGVhZGRyaXZlLXByby91cy1jZW50cmFsMS9jcmVhdGVTdWJhY2NvdW50L3g2Ym92bnlKaU1J","metadata":{"@type":"type.googleapis.com/google.cloud.functions.v1.OperationMetadataV1","target":"projects/leaddrive-pro/locations/us-central1/functions/createSubaccount","type":"UPDATE_FUNCTION","request":{"@type":"type.googleapis.com/google.cloud.functions.v1.CloudFunction","name":"projects/leaddrive-pro/locations/us-central1/functions/createSubaccount","httpsTrigger":{"url":"https://us-central1-leaddrive-pro.cloudfunctions.net/createSubaccount","securityLevel":"SECURE_ALWAYS"},"status":"ACTIVE","entryPoint":"createSubaccount","updateTime":"2024-01-03T22:03:31.118Z","versionId":"2","labels":{"deployment-tool":"cli-firebase","firebase-functions-hash":"4cf8656d39f317fcfab6ad10aeeca6010ea2c154"},"sourceUploadUrl":"https://storage.googleapis.com/uploads-236363103676.us-central1.cloudfunctions.appspot.com/a40508ee-8d48-4e02-90be-b3726141b4da.zip?GoogleAccessId=service-915335085286@gcf-admin-robot.iam.gserviceaccount.com&Expires=1704326076&Signature=dX3Bpzfn7SKD5KdXaCg2sHfCt0N99%2B2Np8p3Fqe8Www5YUINBVPFcR5k6Kuf%2FGp0lROihZnHmfJHfdR1uOGCSdMZh%2BvokjrOkwAIIudK4JMnIw4OZaHN6WFSJnlGEqy1pkDI9xSlGxCslfsAfjB0T7h2Hi%2FOZFUlOfVUvEK9rd3bt69qRpLlNLStqzIsKYv2x59tk%2Bbhzdm%2FfNDhs3kPyEH1Bj%2BZ0emvCGkquGMtK4DG5lOVxyYmqk1EH8okC0Jmg6mpIi0jFKrZzBXl354VMLGwyOp6ETn8vrwUc8n%2B%2BwTq%2BCPC2agvgCquLeIZ7ylzQGLxVfsulI8wEvuSJxqhEQ%3D%3D","environmentVariables":{"FIREBASE_CONFIG":"{\"projectId\":\"leaddrive-pro\",\"databaseURL\":\"https://leaddrive-pro-default-rtdb.firebaseio.com\",\"storageBucket\":\"leaddrive-pro.appspot.com\"}","GCLOUD_PROJECT":"leaddrive-pro","FIRESTORE_PREFER_REST":"true","EVENTARC_CLOUD_EVENT_SOURCE":"projects/leaddrive-pro/locations/us-central1/functions/createSubaccount"},"runtime":"nodejs18","buildId":"b2e4700c-d085-4ae6-8e4a-037ecafb4c93","buildEnvironmentVariables":{"GOOGLE_NODE_RUN_SCRIPTS":""},"sourceToken":"38771eec-da10-41c9-9f25-4ba3680fdab4","buildName":"projects/915335085286/locations/us-central1/builds/b2e4700c-d085-4ae6-8e4a-037ecafb4c93","dockerRegistry":"ARTIFACT_REGISTRY","automaticUpdatePolicy":{}},"versionId":"3","updateTime":"2024-01-03T23:25:39Z","buildId":"85489b99-4705-4b1a-8d96-c16fa683d387","sourceToken":"38771eec-da10-41c9-9f25-4ba3680fdab4","buildName":"projects/915335085286/locations/us-central1/builds/85489b99-4705-4b1a-8d96-c16fa683d387"},"done":true,"error":{"code":3,"message":"Function failed on loading user code. This is likely due to a bug in the user code. Error message: Provided module can't be loaded.\nDid you list all required modules in the package.json dependencies?\nDetailed stack trace: Error: Cannot find module 'firebase/auth'\nRequire stack:\n- /workspace/index.js\n- /layers/google.nodejs.functions-framework/functions-framework/node_modules/@google-cloud/functions-framework/build/src/loader.js\n- /layers/google.nodejs.functions-framework/functions-framework/node_modules/@google-cloud/functions-framework/build/src/main.js\n    at Module._resolveFilename (node:internal/modules/cjs/loader:1077:15)\n    at Module._load (node:internal/modules/cjs/loader:922:27)\n    at Module.require (node:internal/modules/cjs/loader:1143:19)\n    at require (node:internal/modules/cjs/helpers:119:18)\n    at Object.<anonymous> (/workspace/index.js:5:36)\n    at Module._compile (node:internal/modules/cjs/loader:1256:14)\n    at Module._extensions..js (node:internal/modules/cjs/loader:1310:10)\n    at Module.load (node:internal/modules/cjs/loader:1119:32)\n    at Module._load (node:internal/modules/cjs/loader:960:12)\n    at Module.require (node:internal/modules/cjs/loader:1143:19)\nCould not load the function, shutting down.. Please visit https://cloud.google.com/functions/docs/troubleshooting for in-depth troubleshooting documentation."}}
[debug] [2024-01-03T23:25:41.308Z] Got source token 38771eec-da10-41c9-9f25-4ba3680fdab4 for region us-central1
[error] Function failed on loading user code. This is likely due to a bug in the user code. Error message: Provided module can't be loaded.
Did you list all required modules in the package.json dependencies?
Detailed stack trace: Error: Cannot find module 'firebase/auth'
Require stack:
- /workspace/index.js
- /layers/google.nodejs.functions-framework/functions-framework/node_modules/@google-cloud/functions-framework/build/src/loader.js
- /layers/google.nodejs.functions-framework/functions-framework/node_modules/@google-cloud/functions-framework/build/src/main.js
    at Module._resolveFilename (node:internal/modules/cjs/loader:1077:15)
    at Module._load (node:internal/modules/cjs/loader:922:27)
    at Module.require (node:internal/modules/cjs/loader:1143:19)
    at require (node:internal/modules/cjs/helpers:119:18)
    at Object.<anonymous> (/workspace/index.js:5:36)
    at Module._compile (node:internal/modules/cjs/loader:1256:14)
    at Module._extensions..js (node:internal/modules/cjs/loader:1310:10)
    at Module.load (node:internal/modules/cjs/loader:1119:32)
    at Module._load (node:internal/modules/cjs/loader:960:12)
    at Module.require (node:internal/modules/cjs/loader:1143:19)
Could not load the function, shutting down.. Please visit https://cloud.google.com/functions/docs/troubleshooting for in-depth troubleshooting documentation.
[debug] [2024-01-03T23:25:41.314Z] Total Function Deployment time: 64810
[debug] [2024-01-03T23:25:41.314Z] 2 Functions Deployed
[debug] [2024-01-03T23:25:41.314Z] 2 Functions Errored
[debug] [2024-01-03T23:25:41.314Z] 0 Function Deployments Aborted
[debug] [2024-01-03T23:25:41.314Z] Average Function Deployment time: 61404.5
[info] 
[info] Functions deploy had errors with the following functions:
	addmessage(us-central1)
	createSubaccount(us-central1)
[debug] [2024-01-03T23:25:41.440Z] Not printing URL for HTTPS function. Typically this means it didn't match a filter or we failed deployment
[debug] [2024-01-03T23:25:41.440Z] Not printing URL for HTTPS function. Typically this means it didn't match a filter or we failed deployment
[info] i  functions: cleaning up build files... 
[debug] [2024-01-03T23:25:41.441Z] >>> [apiv2][query] DELETE https://artifactregistry.googleapis.com/v1beta2/projects/leaddrive-pro/locations/us-central1/repositories/gcf-artifacts/packages/addmessage [none]
[debug] [2024-01-03T23:25:41.442Z] >>> [apiv2][query] DELETE https://artifactregistry.googleapis.com/v1beta2/projects/leaddrive-pro/locations/us-central1/repositories/gcf-artifacts/packages/create_subaccount [none]
[debug] [2024-01-03T23:25:41.442Z] >>> [apiv2][query] GET https://us.gcr.io/v2/leaddrive-pro/gcf/us-central1/tags/list [none]
[debug] [2024-01-03T23:25:41.741Z] <<< [apiv2][status] DELETE https://artifactregistry.googleapis.com/v1beta2/projects/leaddrive-pro/locations/us-central1/repositories/gcf-artifacts/packages/addmessage 200
[debug] [2024-01-03T23:25:41.741Z] <<< [apiv2][body] DELETE https://artifactregistry.googleapis.com/v1beta2/projects/leaddrive-pro/locations/us-central1/repositories/gcf-artifacts/packages/addmessage {"name":"projects/leaddrive-pro/locations/us-central1/operations/53d7fff7-ced0-4538-b10d-5c0cb42ccca4","metadata":{"@type":"type.googleapis.com/google.devtools.artifactregistry.v1beta2.OperationMetadata"}}
[debug] [2024-01-03T23:25:41.741Z] >>> [apiv2][query] GET https://artifactregistry.googleapis.com/v1beta2/projects/leaddrive-pro/locations/us-central1/operations/53d7fff7-ced0-4538-b10d-5c0cb42ccca4 [none]
[debug] [2024-01-03T23:25:41.743Z] <<< [apiv2][status] DELETE https://artifactregistry.googleapis.com/v1beta2/projects/leaddrive-pro/locations/us-central1/repositories/gcf-artifacts/packages/create_subaccount 404
[debug] [2024-01-03T23:25:41.743Z] <<< [apiv2][body] DELETE https://artifactregistry.googleapis.com/v1beta2/projects/leaddrive-pro/locations/us-central1/repositories/gcf-artifacts/packages/create_subaccount {"error":{"code":404,"message":"Package \"projects/leaddrive-pro/locations/us-central1/repositories/gcf-artifacts/packages/create_subaccount\" was not found.","status":"NOT_FOUND"}}
[debug] [2024-01-03T23:25:41.748Z] <<< [apiv2][status] GET https://us.gcr.io/v2/leaddrive-pro/gcf/us-central1/tags/list 200
[debug] [2024-01-03T23:25:41.748Z] <<< [apiv2][body] GET https://us.gcr.io/v2/leaddrive-pro/gcf/us-central1/tags/list {"child":[],"manifest":{},"name":"leaddrive-pro/gcf/us-central1","tags":[]}
[debug] [2024-01-03T23:25:41.748Z] Could not find image for function projects/leaddrive-pro/locations/us-central1/functions/addmessage
[debug] [2024-01-03T23:25:41.748Z] Could not find image for function projects/leaddrive-pro/locations/us-central1/functions/createSubaccount
[debug] [2024-01-03T23:25:41.937Z] <<< [apiv2][status] GET https://artifactregistry.googleapis.com/v1beta2/projects/leaddrive-pro/locations/us-central1/operations/53d7fff7-ced0-4538-b10d-5c0cb42ccca4 200
[debug] [2024-01-03T23:25:41.937Z] <<< [apiv2][body] GET https://artifactregistry.googleapis.com/v1beta2/projects/leaddrive-pro/locations/us-central1/operations/53d7fff7-ced0-4538-b10d-5c0cb42ccca4 {"name":"projects/leaddrive-pro/locations/us-central1/operations/53d7fff7-ced0-4538-b10d-5c0cb42ccca4","metadata":{"@type":"type.googleapis.com/google.devtools.artifactregistry.v1beta2.OperationMetadata"},"done":true,"response":{"@type":"type.googleapis.com/google.protobuf.Empty"}}
[debug] [2024-01-03T23:25:41.937Z] Functions deploy failed.
[debug] [2024-01-03T23:25:41.937Z] {
  "endpoint": {
    "id": "addmessage",
    "project": "leaddrive-pro",
    "region": "us-central1",
    "entryPoint": "addmessage",
    "platform": "gcfv1",
    "runtime": "nodejs18",
    "httpsTrigger": {},
    "ingressSettings": null,
    "availableMemoryMb": null,
    "serviceAccount": null,
    "timeoutSeconds": null,
    "maxInstances": null,
    "minInstances": null,
    "vpc": null,
    "environmentVariables": {
      "FIREBASE_CONFIG": "{\"projectId\":\"leaddrive-pro\",\"databaseURL\":\"https://leaddrive-pro-default-rtdb.firebaseio.com\",\"storageBucket\":\"leaddrive-pro.appspot.com\"}",
      "GCLOUD_PROJECT": "leaddrive-pro",
      "FIRESTORE_PREFER_REST": "true",
      "EVENTARC_CLOUD_EVENT_SOURCE": "projects/leaddrive-pro/locations/us-central1/functions/addmessage"
    },
    "codebase": "default",
    "securityLevel": "SECURE_ALWAYS",
    "targetedByOnly": false,
    "hash": "4cf8656d39f317fcfab6ad10aeeca6010ea2c154",
    "labels": {
      "deployment-tool": "cli-firebase"
    }
  },
  "op": "update",
  "original": {
    "name": "FirebaseError",
    "children": [],
    "exit": 1,
    "message": "Function failed on loading user code. This is likely due to a bug in the user code. Error message: Provided module can't be loaded.\nDid you list all required modules in the package.json dependencies?\nDetailed stack trace: Error: Cannot find module 'firebase/auth'\nRequire stack:\n- /workspace/index.js\n- /layers/google.nodejs.functions-framework/functions-framework/node_modules/@google-cloud/functions-framework/build/src/loader.js\n- /layers/google.nodejs.functions-framework/functions-framework/node_modules/@google-cloud/functions-framework/build/src/main.js\n    at Module._resolveFilename (node:internal/modules/cjs/loader:1077:15)\n    at Module._load (node:internal/modules/cjs/loader:922:27)\n    at Module.require (node:internal/modules/cjs/loader:1143:19)\n    at require (node:internal/modules/cjs/helpers:119:18)\n    at Object.<anonymous> (/workspace/index.js:5:36)\n    at Module._compile (node:internal/modules/cjs/loader:1256:14)\n    at Module._extensions..js (node:internal/modules/cjs/loader:1310:10)\n    at Module.load (node:internal/modules/cjs/loader:1119:32)\n    at Module._load (node:internal/modules/cjs/loader:960:12)\n    at Module.require (node:internal/modules/cjs/loader:1143:19)\nCould not load the function, shutting down.. Please visit https://cloud.google.com/functions/docs/troubleshooting for in-depth troubleshooting documentation.",
    "status": 3,
    "code": 3
  }
}
[debug] [2024-01-03T23:25:41.937Z] {
  "endpoint": {
    "id": "createSubaccount",
    "project": "leaddrive-pro",
    "region": "us-central1",
    "entryPoint": "createSubaccount",
    "platform": "gcfv1",
    "runtime": "nodejs18",
    "httpsTrigger": {},
    "ingressSettings": null,
    "availableMemoryMb": null,
    "serviceAccount": null,
    "timeoutSeconds": null,
    "maxInstances": null,
    "minInstances": null,
    "vpc": null,
    "environmentVariables": {
      "FIREBASE_CONFIG": "{\"projectId\":\"leaddrive-pro\",\"databaseURL\":\"https://leaddrive-pro-default-rtdb.firebaseio.com\",\"storageBucket\":\"leaddrive-pro.appspot.com\"}",
      "GCLOUD_PROJECT": "leaddrive-pro",
      "FIRESTORE_PREFER_REST": "true",
      "EVENTARC_CLOUD_EVENT_SOURCE": "projects/leaddrive-pro/locations/us-central1/functions/createSubaccount"
    },
    "codebase": "default",
    "securityLevel": "SECURE_ALWAYS",
    "targetedByOnly": false,
    "hash": "4cf8656d39f317fcfab6ad10aeeca6010ea2c154",
    "labels": {
      "deployment-tool": "cli-firebase"
    }
  },
  "op": "update",
  "original": {
    "name": "FirebaseError",
    "children": [],
    "exit": 1,
    "message": "Function failed on loading user code. This is likely due to a bug in the user code. Error message: Provided module can't be loaded.\nDid you list all required modules in the package.json dependencies?\nDetailed stack trace: Error: Cannot find module 'firebase/auth'\nRequire stack:\n- /workspace/index.js\n- /layers/google.nodejs.functions-framework/functions-framework/node_modules/@google-cloud/functions-framework/build/src/loader.js\n- /layers/google.nodejs.functions-framework/functions-framework/node_modules/@google-cloud/functions-framework/build/src/main.js\n    at Module._resolveFilename (node:internal/modules/cjs/loader:1077:15)\n    at Module._load (node:internal/modules/cjs/loader:922:27)\n    at Module.require (node:internal/modules/cjs/loader:1143:19)\n    at require (node:internal/modules/cjs/helpers:119:18)\n    at Object.<anonymous> (/workspace/index.js:5:36)\n    at Module._compile (node:internal/modules/cjs/loader:1256:14)\n    at Module._extensions..js (node:internal/modules/cjs/loader:1310:10)\n    at Module.load (node:internal/modules/cjs/loader:1119:32)\n    at Module._load (node:internal/modules/cjs/loader:960:12)\n    at Module.require (node:internal/modules/cjs/loader:1143:19)\nCould not load the function, shutting down.. Please visit https://cloud.google.com/functions/docs/troubleshooting for in-depth troubleshooting documentation.",
    "status": 3,
    "code": 3
  }
}
[error] Error: There was an error deploying functions:
[error] - Error Failed to update function addmessage in region us-central1
[error] - Error Failed to update function createSubaccount in region us-central1
